[0.003s] Invoking command in '/home/jnu/isaac_ws/build/unitree_go': CONDA_PROMPT_MODIFIER=(isaaclab) /home/jnu/anaconda3/envs/isaaclab/bin/cmake /home/jnu/isaac_ws/src/unitree_go -DCMAKE_INSTALL_PREFIX=/home/jnu/isaac_ws/install/unitree_go
[0.009s] [0mCMake Deprecation Warning at CMakeLists.txt:1 (cmake_minimum_required):
[0.009s]   Compatibility with CMake < 3.10 will be removed from a future version of
[0.009s]   CMake.
[0.009s] 
[0.009s]   Update the VERSION argument <min> value.  Or, use the <min>...<max> syntax
[0.009s]   to tell CMake that the project requires at least <min> but has been updated
[0.009s]   to work with policies introduced by <max> or earlier.
[0.009s] 
[0.009s] [0m
[0.012s] -- Found ament_cmake: 1.3.12 (/home/jnu/anaconda3/envs/isaaclab/share/ament_cmake/cmake)
[0.154s] -- Found rosidl_default_generators: 1.2.0 (/home/jnu/anaconda3/envs/isaaclab/share/rosidl_default_generators/cmake)
[0.155s] -- Using all available rosidl_typesupport_c: rosidl_typesupport_fastrtps_c;rosidl_typesupport_introspection_c
[0.158s] -- Found rosidl_adapter: 3.1.6 (/home/jnu/anaconda3/envs/isaaclab/share/rosidl_adapter/cmake)
[0.174s] -- Using all available rosidl_typesupport_cpp: rosidl_typesupport_fastrtps_cpp;rosidl_typesupport_introspection_cpp
[0.193s] [31mCMake Error at CMakeLists.txt:25 (find_package):
[0.193s]   By not providing "Findrosidl_generator_dds_idl.cmake" in CMAKE_MODULE_PATH
[0.193s]   this project has asked CMake to find a package configuration file provided
[0.193s]   by "rosidl_generator_dds_idl", but CMake did not find one.
[0.193s] 
[0.193s]   Could not find a package configuration file provided by
[0.193s]   "rosidl_generator_dds_idl" with any of the following names:
[0.193s] 
[0.193s]     rosidl_generator_dds_idlConfig.cmake
[0.193s]     rosidl_generator_dds_idl-config.cmake
[0.193s] 
[0.193s]   Add the installation prefix of "rosidl_generator_dds_idl" to
[0.193s]   CMAKE_PREFIX_PATH or set "rosidl_generator_dds_idl_DIR" to a directory
[0.193s]   containing one of the above files.  If "rosidl_generator_dds_idl" provides
[0.193s]   a separate development package or SDK, be sure it has been installed.
[0.193s] 
[0.193s] [0m
[0.193s] -- Configuring incomplete, errors occurred!
[0.194s] Invoked command in '/home/jnu/isaac_ws/build/unitree_go' returned '1': CONDA_PROMPT_MODIFIER=(isaaclab) /home/jnu/anaconda3/envs/isaaclab/bin/cmake /home/jnu/isaac_ws/src/unitree_go -DCMAKE_INSTALL_PREFIX=/home/jnu/isaac_ws/install/unitree_go
