[0mCMake Deprecation Warning at CMakeLists.txt:1 (cmake_minimum_required):
  Compatibility with CMake < 3.10 will be removed from a future version of
  CMake.

  Update the VERSION argument <min> value.  Or, use the <min>...<max> syntax
  to tell CMake that the project requires at least <min> but has been updated
  to work with policies introduced by <max> or earlier.

[0m
[31mCMake Error at CMakeLists.txt:24 (find_package):
  By not providing "Findrosidl_default_generators.cmake" in CMAKE_MODULE_PATH
  this project has asked CMake to find a package configuration file provided
  by "rosidl_default_generators", but CMake did not find one.

  Could not find a package configuration file provided by
  "rosidl_default_generators" with any of the following names:

    rosidl_default_generatorsConfig.cmake
    rosidl_default_generators-config.cmake

  Add the installation prefix of "rosidl_default_generators" to
  CMAKE_PREFIX_PATH or set "rosidl_default_generators_DIR" to a directory
  containing one of the above files.  If "rosidl_default_generators" provides
  a separate development package or SDK, be sure it has been installed.

[0m
