[0.004s] Invoking command in '/home/jnu/isaac_ws/build/unitree_api': CONDA_PROMPT_MODIFIER=(isaaclab) /home/jnu/anaconda3/envs/isaaclab/bin/cmake /home/jnu/isaac_ws/src/unitree_api -DCMAKE_INSTALL_PREFIX=/home/jnu/isaac_ws/install/unitree_api
[0.009s] [0mCMake Deprecation Warning at CMakeLists.txt:1 (cmake_minimum_required):
[0.009s]   Compatibility with CMake < 3.10 will be removed from a future version of
[0.009s]   CMake.
[0.009s] 
[0.009s]   Update the VERSION argument <min> value.  Or, use the <min>...<max> syntax
[0.009s]   to tell CMake that the project requires at least <min> but has been updated
[0.009s]   to work with policies introduced by <max> or earlier.
[0.009s] 
[0.009s] [0m
[0.012s] -- Found ament_cmake: 1.3.12 (/home/jnu/anaconda3/envs/isaaclab/share/ament_cmake/cmake)
[0.153s] -- Found geometry_msgs: 4.9.0 (/home/jnu/anaconda3/envs/isaaclab/share/geometry_msgs/cmake)
[0.163s] -- Found rosidl_generator_c: 3.1.6 (/home/jnu/anaconda3/envs/isaaclab/share/rosidl_generator_c/cmake)
[0.164s] -- Found rosidl_adapter: 3.1.6 (/home/jnu/anaconda3/envs/isaaclab/share/rosidl_adapter/cmake)
[0.168s] -- Found rosidl_generator_cpp: 3.1.6 (/home/jnu/anaconda3/envs/isaaclab/share/rosidl_generator_cpp/cmake)
[0.173s] -- Using all available rosidl_typesupport_c: rosidl_typesupport_fastrtps_c;rosidl_typesupport_introspection_c
[0.181s] -- Using all available rosidl_typesupport_cpp: rosidl_typesupport_fastrtps_cpp;rosidl_typesupport_introspection_cpp
[0.206s] -- Found rosidl_default_generators: 1.2.0 (/home/jnu/anaconda3/envs/isaaclab/share/rosidl_default_generators/cmake)
[0.211s] [31mCMake Error at CMakeLists.txt:26 (find_package):
[0.211s]   By not providing "Findrosidl_generator_dds_idl.cmake" in CMAKE_MODULE_PATH
[0.211s]   this project has asked CMake to find a package configuration file provided
[0.211s]   by "rosidl_generator_dds_idl", but CMake did not find one.
[0.211s] 
[0.211s]   Could not find a package configuration file provided by
[0.211s]   "rosidl_generator_dds_idl" with any of the following names:
[0.211s] 
[0.211s]     rosidl_generator_dds_idlConfig.cmake
[0.211s]     rosidl_generator_dds_idl-config.cmake
[0.211s] 
[0.211s]   Add the installation prefix of "rosidl_generator_dds_idl" to
[0.211s]   CMAKE_PREFIX_PATH or set "rosidl_generator_dds_idl_DIR" to a directory
[0.211s]   containing one of the above files.  If "rosidl_generator_dds_idl" provides
[0.211s]   a separate development package or SDK, be sure it has been installed.
[0.211s] 
[0.211s] [0m
[0.211s] -- Configuring incomplete, errors occurred!
