[2026-02-13 14:09:32,562][isaaclab.envs.manager_based_env][WARNING] - Seed not set for the environment. The environment creation may not be deterministic.
[2026-02-13 14:09:32,572][ogn_registration][INFO] - Looking for Python nodes to register in omni.physx.fabric-107.3.26
[2026-02-13 14:09:32,572][ogn_registration][INFO] -  -> Registered nodes from module omni.physxfabric at /home/jnu/anaconda3/envs/isaaclab/lib/python3.11/site-packages/isaacsim/extscache/omni.physx.fabric-107.3.26+107.3.3.lx64.r.cp311.u353
[2026-02-13 14:09:32,572][ogn_registration][INFO] - Registering nodes in /home/jnu/anaconda3/envs/isaaclab/lib/python3.11/site-packages/isaacsim/extscache/omni.physx.fabric-107.3.26+107.3.3.lx64.r.cp311.u353 imported as omni.physxfabric with AutoNode config {}
[2026-02-13 14:09:32,572][ogn_registration][INFO] - Registering Python Node Types from omni.physxfabric at /home/jnu/anaconda3/envs/isaaclab/lib/python3.11/site-packages/isaacsim/extscache/omni.physx.fabric-107.3.26+107.3.3.lx64.r.cp311.u353 in omni.physx.fabric
[2026-02-13 14:09:32,572][ogn_registration][INFO] - ========================================================================================================================
[2026-02-13 14:09:32,572][ogn_registration][INFO] - No dependency on omni.graph, therefore no nodes to register in omni.physx.fabric
[2026-02-13 14:09:32,572][ogn_registration][INFO] - ...None found, no registration to do
[2026-02-13 14:09:32,572][ogn_registration][INFO] - ...Skipping: No OmniGraph presence in the module omni.physxfabric - No nodes in this module, do not remember it
[2026-02-13 14:09:32,572][ogn_registration][INFO] - Destroying registration record for omni.physx.fabric
[2026-02-13 14:09:32,573][ogn_registration][INFO] - OGN register omni.physx.fabric-107.3.26 took 815637.000000
[2026-02-13 14:09:38,563][isaaclab.envs.mdp.commands.velocity_command][WARNING] - The velocity command has the 'ranges.heading' attribute set to '(-3.141592653589793, 3.141592653589793)' but the heading command is not active. Consider setting the flag for the heading command to True.
[2026-02-13 14:10:23,350][ogn_registration][INFO] - Looking for Python nodes to register in omni.kit.registry.nucleus-0.0.0
[2026-02-13 14:10:23,351][ogn_registration][INFO] -  -> Registered nodes from module omni.kit.registry.nucleus at /home/jnu/anaconda3/envs/isaaclab/lib/python3.11/site-packages/isaacsim/kit/extscore/omni.kit.registry.nucleus
[2026-02-13 14:10:23,351][ogn_registration][INFO] - Registering nodes in /home/jnu/anaconda3/envs/isaaclab/lib/python3.11/site-packages/isaacsim/kit/extscore/omni.kit.registry.nucleus imported as omni.kit.registry.nucleus with AutoNode config {}
[2026-02-13 14:10:23,351][ogn_registration][INFO] - Registering Python Node Types from omni.kit.registry.nucleus at /home/jnu/anaconda3/envs/isaaclab/lib/python3.11/site-packages/isaacsim/kit/extscore/omni.kit.registry.nucleus in omni.kit.registry.nucleus
[2026-02-13 14:10:23,351][ogn_registration][INFO] - ========================================================================================================================
[2026-02-13 14:10:23,351][ogn_registration][INFO] - No dependency on omni.graph, therefore no nodes to register in omni.kit.registry.nucleus
[2026-02-13 14:10:23,351][ogn_registration][INFO] - ...None found, no registration to do
[2026-02-13 14:10:23,351][ogn_registration][INFO] - ...Skipping: No OmniGraph presence in the module omni.kit.registry.nucleus - No nodes in this module, do not remember it
[2026-02-13 14:10:23,351][ogn_registration][INFO] - Destroying registration record for omni.kit.registry.nucleus
[2026-02-13 14:10:23,351][ogn_registration][INFO] - OGN register omni.kit.registry.nucleus-0.0.0 took 595048.000000
[2026-02-13 14:10:32,493][ogn_registration][INFO] - Looking for Python nodes to register in isaacsim.ros2.bridge-4.12.4
[2026-02-13 14:10:32,493][ogn_registration][INFO] -  -> Registered nodes from module isaacsim.ros2.bridge at /home/jnu/anaconda3/envs/isaaclab/lib/python3.11/site-packages/isaacsim/exts/isaacsim.ros2.bridge
[2026-02-13 14:10:32,493][ogn_registration][INFO] - Registering nodes in /home/jnu/anaconda3/envs/isaaclab/lib/python3.11/site-packages/isaacsim/exts/isaacsim.ros2.bridge imported as isaacsim.ros2.bridge with AutoNode config {}
[2026-02-13 14:10:32,493][ogn_registration][INFO] - Registering Python Node Types from isaacsim.ros2.bridge at /home/jnu/anaconda3/envs/isaaclab/lib/python3.11/site-packages/isaacsim/exts/isaacsim.ros2.bridge in isaacsim.ros2.bridge
[2026-02-13 14:10:32,493][ogn_registration][INFO] - ========================================================================================================================
[2026-02-13 14:10:32,496][ogn_registration][INFO] - Finding OmniGraph extension content manager for isaacsim.ros2.bridge-4.12.4 in module isaacsim.ros2.bridge at /home/jnu/anaconda3/envs/isaaclab/lib/python3.11/site-packages/isaacsim/exts/isaacsim.ros2.bridge
[2026-02-13 14:10:32,496][ogn_registration][INFO] - -> New generated folder /home/jnu/anaconda3/envs/isaaclab/lib/python3.11/site-packages/isaacsim/exts/isaacsim.ros2.bridge/ogn/isaacsim.ros2.bridge is not a directory
[2026-02-13 14:10:32,496][ogn_registration][INFO] - Creating OmniGraph extension management class
[2026-02-13 14:10:32,496][ogn_registration][INFO] - Created base content manager for module isaacsim.ros2.bridge (/home/jnu/anaconda3/envs/isaaclab/lib/python3.11/site-packages/isaacsim/exts/isaacsim.ros2.bridge/isaacsim/ros2/bridge/__init__.py - /home/jnu/anaconda3/envs/isaaclab/lib/python3.11/site-packages/isaacsim/exts/isaacsim.ros2.bridge/isaacsim/ros2/bridge) in extension isaacsim.ros2.bridge-4.12.4 at /home/jnu/anaconda3/envs/isaaclab/lib/python3.11/site-packages/isaacsim/exts/isaacsim.ros2.bridge using cache /home/jnu/anaconda3/envs/isaaclab/lib/python3.11/site-packages/isaacsim/kit/cache/ogn_generated/1.79.2/isaacsim.ros2.bridge-4.12.4/isaacsim.ros2.bridge/ogn
[2026-02-13 14:10:32,496][ogn_registration][INFO] - Creating 1.18 extension manager for isaacsim.ros2.bridge-4.12.4 in <module 'isaacsim.ros2.bridge' from '/home/jnu/anaconda3/envs/isaaclab/lib/python3.11/site-packages/isaacsim/exts/isaacsim.ros2.bridge/isaacsim/ros2/bridge/__init__.py'> at /home/jnu/anaconda3/envs/isaaclab/lib/python3.11/site-packages/isaacsim/exts/isaacsim.ros2.bridge
[2026-02-13 14:10:32,496][ogn_registration][INFO] - Using cache directory /home/jnu/anaconda3/envs/isaaclab/lib/python3.11/site-packages/isaacsim/kit/cache/ogn_generated/1.79.2/isaacsim.ros2.bridge-4.12.4/isaacsim.ros2.bridge/ogn
[2026-02-13 14:10:32,496][ogn_registration][INFO] - Scanning for V1.18 node in /home/jnu/anaconda3/envs/isaaclab/lib/python3.11/site-packages/isaacsim/exts/isaacsim.ros2.bridge/isaacsim/ros2/bridge/ogn
[2026-02-13 14:10:32,496][ogn_registration][INFO] - Scanning isaacsim.ros2.bridge-4.12.4 for nodes in OGN path /home/jnu/anaconda3/envs/isaaclab/lib/python3.11/site-packages/isaacsim/exts/isaacsim.ros2.bridge/isaacsim/ros2/bridge/ogn
[2026-02-13 14:10:32,496][ogn_registration][INFO] - _walk_with_excludes(start=/home/jnu/anaconda3/envs/isaaclab/lib/python3.11/site-packages/isaacsim/exts/isaacsim.ros2.bridge/isaacsim/ros2/bridge/ogn, exclude=['__pycache__'])
[2026-02-13 14:10:32,496][ogn_registration][INFO] -    ... walked /home/jnu/anaconda3/envs/isaaclab/lib/python3.11/site-packages/isaacsim/exts/isaacsim.ros2.bridge/isaacsim/ros2/bridge/ogn, ['python', 'tests'], ['OgnROS2CameraHelperDatabase.py', '__ogn_files_prebuilt', 'OgnROS2QoSProfileDatabase.py', 'OgnROS2RtxLidarHelperDatabase.py', 'OgnROS2CameraInfoHelperDatabase.py']
[2026-02-13 14:10:32,497][ogn_registration][INFO] - ....Adding scanned directory /home/jnu/anaconda3/envs/isaaclab/lib/python3.11/site-packages/isaacsim/exts/isaacsim.ros2.bridge/isaacsim/ros2/bridge/ogn/python
[2026-02-13 14:10:32,497][ogn_registration][INFO] -    ... walked /home/jnu/anaconda3/envs/isaaclab/lib/python3.11/site-packages/isaacsim/exts/isaacsim.ros2.bridge/isaacsim/ros2/bridge/ogn/python, ['nodes'], []
[2026-02-13 14:10:32,497][ogn_registration][INFO] - ....Adding scanned directory /home/jnu/anaconda3/envs/isaaclab/lib/python3.11/site-packages/isaacsim/exts/isaacsim.ros2.bridge/isaacsim/ros2/bridge/ogn/python/nodes
[2026-02-13 14:10:32,497][ogn_registration][INFO] -    ... walked /home/jnu/anaconda3/envs/isaaclab/lib/python3.11/site-packages/isaacsim/exts/isaacsim.ros2.bridge/isaacsim/ros2/bridge/ogn/python/nodes, ['config', 'icons'], ['OgnROS2RtxLidarHelper.py', 'OgnROS2QoSProfile.py', 'OgnROS2CameraInfoHelper.py', 'OgnROS2CameraHelper.ogn', 'OgnROS2CameraInfoHelper.ogn', 'OgnROS2RtxLidarHelper.ogn', 'OgnROS2QoSProfile.ogn', 'OgnROS2CameraHelper.py']
[2026-02-13 14:10:32,497][ogn_registration][INFO] -    ... walked /home/jnu/anaconda3/envs/isaaclab/lib/python3.11/site-packages/isaacsim/exts/isaacsim.ros2.bridge/isaacsim/ros2/bridge/ogn/python/nodes/config, [], ['CategoryDefinition.json']
[2026-02-13 14:10:32,497][ogn_registration][INFO] - ....Adding scanned directory /home/jnu/anaconda3/envs/isaaclab/lib/python3.11/site-packages/isaacsim/exts/isaacsim.ros2.bridge/isaacsim/ros2/bridge/ogn/python/nodes/config
[2026-02-13 14:10:32,497][ogn_registration][INFO] -    ... walked /home/jnu/anaconda3/envs/isaaclab/lib/python3.11/site-packages/isaacsim/exts/isaacsim.ros2.bridge/isaacsim/ros2/bridge/ogn/python/nodes/icons, [], ['isaac-sim.svg']
[2026-02-13 14:10:32,497][ogn_registration][INFO] - ....Adding scanned directory /home/jnu/anaconda3/envs/isaaclab/lib/python3.11/site-packages/isaacsim/exts/isaacsim.ros2.bridge/isaacsim/ros2/bridge/ogn/python/nodes/icons
[2026-02-13 14:10:32,498][ogn_registration][INFO] -    ... walked /home/jnu/anaconda3/envs/isaaclab/lib/python3.11/site-packages/isaacsim/exts/isaacsim.ros2.bridge/isaacsim/ros2/bridge/ogn/tests, ['usd'], ['TestOgnROS2Subscriber.py', 'TestOgnROS2PublishOdometry.py', 'TestOgnROS2Publisher.py', 'TestOgnROS2ServiceServerResponse.py', 'TestOgnROS2PublishCameraInfo.py', 'TestOgnROS2ServicePrim.py', 'TestOgnROS2PublishBbox2D.py', 'TestOgnROS2RtxLidarHelper.py', '__init__.py', 'TestOgnROS2SubscribeAckermann.py', 'TestOgnROS2CameraInfoHelper.py', 'TestOgnROS2SubscribeTwist.py', 'TestOgnROS2SubscribeClock.py', 'TestOgnROS2PublishAckermann.py', 'TestOgnROS2CameraHelper.py', 'TestOgnROS2SubscribeJointState.py', 'TestOgnROS2PublishTransformTree.py', 'TestOgnROS2PublishSemanticLabels.py', 'TestOgnROS2ServiceServerRequest.py', 'TestOgnROS2PublishPointCloud.py', 'TestOgnROS2Context.py', 'TestOgnROS2ServiceClient.py', 'TestOgnROS2PublishRawTransformTree.py', 'TestOgnROS2PublishJointState.py', 'TestOgnROS2QoSProfile.py', 'TestOgnROS2PublishImage.py', 'TestOgnROS2PublishImu.py', 'TestOgnROS2PublishBbox3D.py', 'TestOgnROS2PublishClock.py', 'TestOgnROS2PublishLaserScan.py', 'TestOgnROS2SubscribeTransformTree.py']
[2026-02-13 14:10:32,498][ogn_registration][INFO] - ....Adding scanned directory /home/jnu/anaconda3/envs/isaaclab/lib/python3.11/site-packages/isaacsim/exts/isaacsim.ros2.bridge/isaacsim/ros2/bridge/ogn/tests/usd
[2026-02-13 14:10:32,498][ogn_registration][INFO] -    ... walked /home/jnu/anaconda3/envs/isaaclab/lib/python3.11/site-packages/isaacsim/exts/isaacsim.ros2.bridge/isaacsim/ros2/bridge/ogn/tests/usd, [], ['OgnROS2SubscribeJointStateTemplate.usda', 'OgnROS2PublishRawTransformTreeTemplate.usda', 'OgnROS2PublishPointCloudTemplate.usda', 'OgnROS2RtxLidarHelperTemplate.usda', 'OgnROS2PublisherTemplate.usda', 'OgnROS2PublishSemanticLabelsTemplate.usda', 'OgnROS2PublishClockTemplate.usda', 'OgnROS2ServiceServerRequestTemplate.usda', 'OgnROS2SubscribeClockTemplate.usda', 'OgnROS2PublishBbox2DTemplate.usda', 'OgnROS2PublishLaserScanTemplate.usda', 'OgnROS2PublishImuTemplate.usda', 'OgnROS2ContextTemplate.usda', 'OgnROS2CameraHelperTemplate.usda', 'OgnROS2ServicePrimTemplate.usda', 'OgnROS2PublishTransformTreeTemplate.usda', 'OgnROS2PublishAckermannTemplate.usda', 'OgnROS2QoSProfileTemplate.usda', 'OgnROS2SubscribeTwistTemplate.usda', 'OgnROS2SubscribeAckermannTemplate.usda', 'OgnROS2SubscribeTransformTreeTemplate.usda', 'OgnROS2PublishJointStateTemplate.usda', 'OgnROS2CameraInfoHelperTemplate.usda', 'OgnROS2ServiceServerResponseTemplate.usda', 'OgnROS2SubscriberTemplate.usda', 'OgnROS2PublishBbox3DTemplate.usda', 'OgnROS2PublishOdometryTemplate.usda', 'OgnROS2ServiceClientTemplate.usda', 'OgnROS2PublishCameraInfoTemplate.usda', 'OgnROS2PublishImageTemplate.usda']
[2026-02-13 14:10:32,499][ogn_registration][INFO] - ...extracted db versions VersionProperties.GENERATOR = (1, 79, 2), VersionProperties.TARGET = (2, 184, 5) from /home/jnu/anaconda3/envs/isaaclab/lib/python3.11/site-packages/isaacsim/exts/isaacsim.ros2.bridge/isaacsim/ros2/bridge/ogn/OgnROS2CameraHelperDatabase.py (True)
[2026-02-13 14:10:32,500][ogn_registration][INFO] - ...found file of type FileType.PYTHON_DB - /home/jnu/anaconda3/envs/isaaclab/lib/python3.11/site-packages/isaacsim/exts/isaacsim.ros2.bridge/isaacsim/ros2/bridge/ogn/OgnROS2CameraHelperDatabase.py
[2026-02-13 14:10:32,500][ogn_registration][INFO] - ...found file of type FileType.PYTHON_DB - /home/jnu/anaconda3/envs/isaaclab/lib/python3.11/site-packages/isaacsim/exts/isaacsim.ros2.bridge/isaacsim/ros2/bridge/ogn/OgnROS2QoSProfileDatabase.py
[2026-02-13 14:10:32,500][ogn_registration][INFO] - ...found file of type FileType.PYTHON_DB - /home/jnu/anaconda3/envs/isaaclab/lib/python3.11/site-packages/isaacsim/exts/isaacsim.ros2.bridge/isaacsim/ros2/bridge/ogn/OgnROS2RtxLidarHelperDatabase.py
[2026-02-13 14:10:32,500][ogn_registration][INFO] - ...found file of type FileType.PYTHON_DB - /home/jnu/anaconda3/envs/isaaclab/lib/python3.11/site-packages/isaacsim/exts/isaacsim.ros2.bridge/isaacsim/ros2/bridge/ogn/OgnROS2CameraInfoHelperDatabase.py
[2026-02-13 14:10:32,500][ogn_registration][INFO] - ...found file of type FileType.PYTHON - /home/jnu/anaconda3/envs/isaaclab/lib/python3.11/site-packages/isaacsim/exts/isaacsim.ros2.bridge/isaacsim/ros2/bridge/ogn/python/nodes/OgnROS2RtxLidarHelper.py
[2026-02-13 14:10:32,500][ogn_registration][INFO] - ...found file of type FileType.PYTHON - /home/jnu/anaconda3/envs/isaaclab/lib/python3.11/site-packages/isaacsim/exts/isaacsim.ros2.bridge/isaacsim/ros2/bridge/ogn/python/nodes/OgnROS2QoSProfile.py
[2026-02-13 14:10:32,500][ogn_registration][INFO] - ...found file of type FileType.PYTHON - /home/jnu/anaconda3/envs/isaaclab/lib/python3.11/site-packages/isaacsim/exts/isaacsim.ros2.bridge/isaacsim/ros2/bridge/ogn/python/nodes/OgnROS2CameraInfoHelper.py
[2026-02-13 14:10:32,500][ogn_registration][INFO] - ...found file of type FileType.PYTHON - /home/jnu/anaconda3/envs/isaaclab/lib/python3.11/site-packages/isaacsim/exts/isaacsim.ros2.bridge/isaacsim/ros2/bridge/ogn/python/nodes/OgnROS2CameraHelper.py
[2026-02-13 14:10:32,500][ogn_registration][INFO] - ...found file of type FileType.ICON - /home/jnu/anaconda3/envs/isaaclab/lib/python3.11/site-packages/isaacsim/exts/isaacsim.ros2.bridge/isaacsim/ros2/bridge/ogn/python/nodes/icons/isaac-sim.svg
[2026-02-13 14:10:32,500][ogn_registration][INFO] - ...found file of type FileType.TEST - /home/jnu/anaconda3/envs/isaaclab/lib/python3.11/site-packages/isaacsim/exts/isaacsim.ros2.bridge/isaacsim/ros2/bridge/ogn/tests/TestOgnROS2Subscriber.py
[2026-02-13 14:10:32,500][ogn_registration][INFO] - ...found file of type FileType.TEST - /home/jnu/anaconda3/envs/isaaclab/lib/python3.11/site-packages/isaacsim/exts/isaacsim.ros2.bridge/isaacsim/ros2/bridge/ogn/tests/TestOgnROS2PublishOdometry.py
[2026-02-13 14:10:32,500][ogn_registration][INFO] - ...found file of type FileType.TEST - /home/jnu/anaconda3/envs/isaaclab/lib/python3.11/site-packages/isaacsim/exts/isaacsim.ros2.bridge/isaacsim/ros2/bridge/ogn/tests/TestOgnROS2Publisher.py
[2026-02-13 14:10:32,500][ogn_registration][INFO] - ...found file of type FileType.TEST - /home/jnu/anaconda3/envs/isaaclab/lib/python3.11/site-packages/isaacsim/exts/isaacsim.ros2.bridge/isaacsim/ros2/bridge/ogn/tests/TestOgnROS2ServiceServerResponse.py
[2026-02-13 14:10:32,500][ogn_registration][INFO] - ...found file of type FileType.TEST - /home/jnu/anaconda3/envs/isaaclab/lib/python3.11/site-packages/isaacsim/exts/isaacsim.ros2.bridge/isaacsim/ros2/bridge/ogn/tests/TestOgnROS2PublishCameraInfo.py
[2026-02-13 14:10:32,500][ogn_registration][INFO] - ...found file of type FileType.TEST - /home/jnu/anaconda3/envs/isaaclab/lib/python3.11/site-packages/isaacsim/exts/isaacsim.ros2.bridge/isaacsim/ros2/bridge/ogn/tests/TestOgnROS2ServicePrim.py
[2026-02-13 14:10:32,500][ogn_registration][INFO] - ...found file of type FileType.TEST - /home/jnu/anaconda3/envs/isaaclab/lib/python3.11/site-packages/isaacsim/exts/isaacsim.ros2.bridge/isaacsim/ros2/bridge/ogn/tests/TestOgnROS2PublishBbox2D.py
[2026-02-13 14:10:32,500][ogn_registration][INFO] - ...found file of type FileType.TEST - /home/jnu/anaconda3/envs/isaaclab/lib/python3.11/site-packages/isaacsim/exts/isaacsim.ros2.bridge/isaacsim/ros2/bridge/ogn/tests/TestOgnROS2RtxLidarHelper.py
[2026-02-13 14:10:32,500][ogn_registration][INFO] - ...found file of type FileType.PYTHON - /home/jnu/anaconda3/envs/isaaclab/lib/python3.11/site-packages/isaacsim/exts/isaacsim.ros2.bridge/isaacsim/ros2/bridge/ogn/tests/__init__.py
[2026-02-13 14:10:32,500][ogn_registration][INFO] - ...found file of type FileType.TEST - /home/jnu/anaconda3/envs/isaaclab/lib/python3.11/site-packages/isaacsim/exts/isaacsim.ros2.bridge/isaacsim/ros2/bridge/ogn/tests/TestOgnROS2SubscribeAckermann.py
[2026-02-13 14:10:32,500][ogn_registration][INFO] - ...found file of type FileType.TEST - /home/jnu/anaconda3/envs/isaaclab/lib/python3.11/site-packages/isaacsim/exts/isaacsim.ros2.bridge/isaacsim/ros2/bridge/ogn/tests/TestOgnROS2CameraInfoHelper.py
[2026-02-13 14:10:32,500][ogn_registration][INFO] - ...found file of type FileType.TEST - /home/jnu/anaconda3/envs/isaaclab/lib/python3.11/site-packages/isaacsim/exts/isaacsim.ros2.bridge/isaacsim/ros2/bridge/ogn/tests/TestOgnROS2SubscribeTwist.py
[2026-02-13 14:10:32,500][ogn_registration][INFO] - ...found file of type FileType.TEST - /home/jnu/anaconda3/envs/isaaclab/lib/python3.11/site-packages/isaacsim/exts/isaacsim.ros2.bridge/isaacsim/ros2/bridge/ogn/tests/TestOgnROS2SubscribeClock.py
[2026-02-13 14:10:32,500][ogn_registration][INFO] - ...found file of type FileType.TEST - /home/jnu/anaconda3/envs/isaaclab/lib/python3.11/site-packages/isaacsim/exts/isaacsim.ros2.bridge/isaacsim/ros2/bridge/ogn/tests/TestOgnROS2PublishAckermann.py
[2026-02-13 14:10:32,500][ogn_registration][INFO] - ...found file of type FileType.TEST - /home/jnu/anaconda3/envs/isaaclab/lib/python3.11/site-packages/isaacsim/exts/isaacsim.ros2.bridge/isaacsim/ros2/bridge/ogn/tests/TestOgnROS2CameraHelper.py
[2026-02-13 14:10:32,500][ogn_registration][INFO] - ...found file of type FileType.TEST - /home/jnu/anaconda3/envs/isaaclab/lib/python3.11/site-packages/isaacsim/exts/isaacsim.ros2.bridge/isaacsim/ros2/bridge/ogn/tests/TestOgnROS2SubscribeJointState.py
[2026-02-13 14:10:32,500][ogn_registration][INFO] - ...found file of type FileType.TEST - /home/jnu/anaconda3/envs/isaaclab/lib/python3.11/site-packages/isaacsim/exts/isaacsim.ros2.bridge/isaacsim/ros2/bridge/ogn/tests/TestOgnROS2PublishTransformTree.py
[2026-02-13 14:10:32,500][ogn_registration][INFO] - ...found file of type FileType.TEST - /home/jnu/anaconda3/envs/isaaclab/lib/python3.11/site-packages/isaacsim/exts/isaacsim.ros2.bridge/isaacsim/ros2/bridge/ogn/tests/TestOgnROS2PublishSemanticLabels.py
[2026-02-13 14:10:32,500][ogn_registration][INFO] - ...found file of type FileType.TEST - /home/jnu/anaconda3/envs/isaaclab/lib/python3.11/site-packages/isaacsim/exts/isaacsim.ros2.bridge/isaacsim/ros2/bridge/ogn/tests/TestOgnROS2ServiceServerRequest.py
[2026-02-13 14:10:32,500][ogn_registration][INFO] - ...found file of type FileType.TEST - /home/jnu/anaconda3/envs/isaaclab/lib/python3.11/site-packages/isaacsim/exts/isaacsim.ros2.bridge/isaacsim/ros2/bridge/ogn/tests/TestOgnROS2PublishPointCloud.py
[2026-02-13 14:10:32,500][ogn_registration][INFO] - ...found file of type FileType.TEST - /home/jnu/anaconda3/envs/isaaclab/lib/python3.11/site-packages/isaacsim/exts/isaacsim.ros2.bridge/isaacsim/ros2/bridge/ogn/tests/TestOgnROS2Context.py
[2026-02-13 14:10:32,500][ogn_registration][INFO] - ...found file of type FileType.TEST - /home/jnu/anaconda3/envs/isaaclab/lib/python3.11/site-packages/isaacsim/exts/isaacsim.ros2.bridge/isaacsim/ros2/bridge/ogn/tests/TestOgnROS2ServiceClient.py
[2026-02-13 14:10:32,500][ogn_registration][INFO] - ...found file of type FileType.TEST - /home/jnu/anaconda3/envs/isaaclab/lib/python3.11/site-packages/isaacsim/exts/isaacsim.ros2.bridge/isaacsim/ros2/bridge/ogn/tests/TestOgnROS2PublishRawTransformTree.py
[2026-02-13 14:10:32,500][ogn_registration][INFO] - ...found file of type FileType.TEST - /home/jnu/anaconda3/envs/isaaclab/lib/python3.11/site-packages/isaacsim/exts/isaacsim.ros2.bridge/isaacsim/ros2/bridge/ogn/tests/TestOgnROS2PublishJointState.py
[2026-02-13 14:10:32,500][ogn_registration][INFO] - ...found file of type FileType.TEST - /home/jnu/anaconda3/envs/isaaclab/lib/python3.11/site-packages/isaacsim/exts/isaacsim.ros2.bridge/isaacsim/ros2/bridge/ogn/tests/TestOgnROS2QoSProfile.py
[2026-02-13 14:10:32,500][ogn_registration][INFO] - ...found file of type FileType.TEST - /home/jnu/anaconda3/envs/isaaclab/lib/python3.11/site-packages/isaacsim/exts/isaacsim.ros2.bridge/isaacsim/ros2/bridge/ogn/tests/TestOgnROS2PublishImage.py
[2026-02-13 14:10:32,500][ogn_registration][INFO] - ...found file of type FileType.TEST - /home/jnu/anaconda3/envs/isaaclab/lib/python3.11/site-packages/isaacsim/exts/isaacsim.ros2.bridge/isaacsim/ros2/bridge/ogn/tests/TestOgnROS2PublishImu.py
[2026-02-13 14:10:32,500][ogn_registration][INFO] - ...found file of type FileType.TEST - /home/jnu/anaconda3/envs/isaaclab/lib/python3.11/site-packages/isaacsim/exts/isaacsim.ros2.bridge/isaacsim/ros2/bridge/ogn/tests/TestOgnROS2PublishBbox3D.py
[2026-02-13 14:10:32,500][ogn_registration][INFO] - ...found file of type FileType.TEST - /home/jnu/anaconda3/envs/isaaclab/lib/python3.11/site-packages/isaacsim/exts/isaacsim.ros2.bridge/isaacsim/ros2/bridge/ogn/tests/TestOgnROS2PublishClock.py
[2026-02-13 14:10:32,500][ogn_registration][INFO] - ...found file of type FileType.TEST - /home/jnu/anaconda3/envs/isaaclab/lib/python3.11/site-packages/isaacsim/exts/isaacsim.ros2.bridge/isaacsim/ros2/bridge/ogn/tests/TestOgnROS2PublishLaserScan.py
[2026-02-13 14:10:32,500][ogn_registration][INFO] - ...found file of type FileType.TEST - /home/jnu/anaconda3/envs/isaaclab/lib/python3.11/site-packages/isaacsim/exts/isaacsim.ros2.bridge/isaacsim/ros2/bridge/ogn/tests/TestOgnROS2SubscribeTransformTree.py
[2026-02-13 14:10:32,500][ogn_registration][INFO] - ...found file of type FileType.USD - /home/jnu/anaconda3/envs/isaaclab/lib/python3.11/site-packages/isaacsim/exts/isaacsim.ros2.bridge/isaacsim/ros2/bridge/ogn/tests/usd/OgnROS2SubscribeJointStateTemplate.usda
[2026-02-13 14:10:32,500][ogn_registration][INFO] - ...found file of type FileType.USD - /home/jnu/anaconda3/envs/isaaclab/lib/python3.11/site-packages/isaacsim/exts/isaacsim.ros2.bridge/isaacsim/ros2/bridge/ogn/tests/usd/OgnROS2PublishRawTransformTreeTemplate.usda
[2026-02-13 14:10:32,500][ogn_registration][INFO] - ...found file of type FileType.USD - /home/jnu/anaconda3/envs/isaaclab/lib/python3.11/site-packages/isaacsim/exts/isaacsim.ros2.bridge/isaacsim/ros2/bridge/ogn/tests/usd/OgnROS2PublishPointCloudTemplate.usda
[2026-02-13 14:10:32,500][ogn_registration][INFO] - ...found file of type FileType.USD - /home/jnu/anaconda3/envs/isaaclab/lib/python3.11/site-packages/isaacsim/exts/isaacsim.ros2.bridge/isaacsim/ros2/bridge/ogn/tests/usd/OgnROS2RtxLidarHelperTemplate.usda
[2026-02-13 14:10:32,500][ogn_registration][INFO] - ...found file of type FileType.USD - /home/jnu/anaconda3/envs/isaaclab/lib/python3.11/site-packages/isaacsim/exts/isaacsim.ros2.bridge/isaacsim/ros2/bridge/ogn/tests/usd/OgnROS2PublisherTemplate.usda
[2026-02-13 14:10:32,500][ogn_registration][INFO] - ...found file of type FileType.USD - /home/jnu/anaconda3/envs/isaaclab/lib/python3.11/site-packages/isaacsim/exts/isaacsim.ros2.bridge/isaacsim/ros2/bridge/ogn/tests/usd/OgnROS2PublishSemanticLabelsTemplate.usda
[2026-02-13 14:10:32,500][ogn_registration][INFO] - ...found file of type FileType.USD - /home/jnu/anaconda3/envs/isaaclab/lib/python3.11/site-packages/isaacsim/exts/isaacsim.ros2.bridge/isaacsim/ros2/bridge/ogn/tests/usd/OgnROS2PublishClockTemplate.usda
[2026-02-13 14:10:32,500][ogn_registration][INFO] - ...found file of type FileType.USD - /home/jnu/anaconda3/envs/isaaclab/lib/python3.11/site-packages/isaacsim/exts/isaacsim.ros2.bridge/isaacsim/ros2/bridge/ogn/tests/usd/OgnROS2ServiceServerRequestTemplate.usda
[2026-02-13 14:10:32,501][ogn_registration][INFO] - ...found file of type FileType.USD - /home/jnu/anaconda3/envs/isaaclab/lib/python3.11/site-packages/isaacsim/exts/isaacsim.ros2.bridge/isaacsim/ros2/bridge/ogn/tests/usd/OgnROS2SubscribeClockTemplate.usda
[2026-02-13 14:10:32,501][ogn_registration][INFO] - ...found file of type FileType.USD - /home/jnu/anaconda3/envs/isaaclab/lib/python3.11/site-packages/isaacsim/exts/isaacsim.ros2.bridge/isaacsim/ros2/bridge/ogn/tests/usd/OgnROS2PublishBbox2DTemplate.usda
[2026-02-13 14:10:32,501][ogn_registration][INFO] - ...found file of type FileType.USD - /home/jnu/anaconda3/envs/isaaclab/lib/python3.11/site-packages/isaacsim/exts/isaacsim.ros2.bridge/isaacsim/ros2/bridge/ogn/tests/usd/OgnROS2PublishLaserScanTemplate.usda
[2026-02-13 14:10:32,501][ogn_registration][INFO] - ...found file of type FileType.USD - /home/jnu/anaconda3/envs/isaaclab/lib/python3.11/site-packages/isaacsim/exts/isaacsim.ros2.bridge/isaacsim/ros2/bridge/ogn/tests/usd/OgnROS2PublishImuTemplate.usda
[2026-02-13 14:10:32,501][ogn_registration][INFO] - ...found file of type FileType.USD - /home/jnu/anaconda3/envs/isaaclab/lib/python3.11/site-packages/isaacsim/exts/isaacsim.ros2.bridge/isaacsim/ros2/bridge/ogn/tests/usd/OgnROS2ContextTemplate.usda
[2026-02-13 14:10:32,501][ogn_registration][INFO] - ...found file of type FileType.USD - /home/jnu/anaconda3/envs/isaaclab/lib/python3.11/site-packages/isaacsim/exts/isaacsim.ros2.bridge/isaacsim/ros2/bridge/ogn/tests/usd/OgnROS2CameraHelperTemplate.usda
[2026-02-13 14:10:32,501][ogn_registration][INFO] - ...found file of type FileType.USD - /home/jnu/anaconda3/envs/isaaclab/lib/python3.11/site-packages/isaacsim/exts/isaacsim.ros2.bridge/isaacsim/ros2/bridge/ogn/tests/usd/OgnROS2ServicePrimTemplate.usda
[2026-02-13 14:10:32,501][ogn_registration][INFO] - ...found file of type FileType.USD - /home/jnu/anaconda3/envs/isaaclab/lib/python3.11/site-packages/isaacsim/exts/isaacsim.ros2.bridge/isaacsim/ros2/bridge/ogn/tests/usd/OgnROS2PublishTransformTreeTemplate.usda
[2026-02-13 14:10:32,501][ogn_registration][INFO] - ...found file of type FileType.USD - /home/jnu/anaconda3/envs/isaaclab/lib/python3.11/site-packages/isaacsim/exts/isaacsim.ros2.bridge/isaacsim/ros2/bridge/ogn/tests/usd/OgnROS2PublishAckermannTemplate.usda
[2026-02-13 14:10:32,501][ogn_registration][INFO] - ...found file of type FileType.USD - /home/jnu/anaconda3/envs/isaaclab/lib/python3.11/site-packages/isaacsim/exts/isaacsim.ros2.bridge/isaacsim/ros2/bridge/ogn/tests/usd/OgnROS2QoSProfileTemplate.usda
[2026-02-13 14:10:32,501][ogn_registration][INFO] - ...found file of type FileType.USD - /home/jnu/anaconda3/envs/isaaclab/lib/python3.11/site-packages/isaacsim/exts/isaacsim.ros2.bridge/isaacsim/ros2/bridge/ogn/tests/usd/OgnROS2SubscribeTwistTemplate.usda
[2026-02-13 14:10:32,501][ogn_registration][INFO] - ...found file of type FileType.USD - /home/jnu/anaconda3/envs/isaaclab/lib/python3.11/site-packages/isaacsim/exts/isaacsim.ros2.bridge/isaacsim/ros2/bridge/ogn/tests/usd/OgnROS2SubscribeAckermannTemplate.usda
[2026-02-13 14:10:32,501][ogn_registration][INFO] - ...found file of type FileType.USD - /home/jnu/anaconda3/envs/isaaclab/lib/python3.11/site-packages/isaacsim/exts/isaacsim.ros2.bridge/isaacsim/ros2/bridge/ogn/tests/usd/OgnROS2SubscribeTransformTreeTemplate.usda
[2026-02-13 14:10:32,501][ogn_registration][INFO] - ...found file of type FileType.USD - /home/jnu/anaconda3/envs/isaaclab/lib/python3.11/site-packages/isaacsim/exts/isaacsim.ros2.bridge/isaacsim/ros2/bridge/ogn/tests/usd/OgnROS2PublishJointStateTemplate.usda
[2026-02-13 14:10:32,501][ogn_registration][INFO] - ...found file of type FileType.USD - /home/jnu/anaconda3/envs/isaaclab/lib/python3.11/site-packages/isaacsim/exts/isaacsim.ros2.bridge/isaacsim/ros2/bridge/ogn/tests/usd/OgnROS2CameraInfoHelperTemplate.usda
[2026-02-13 14:10:32,501][ogn_registration][INFO] - ...found file of type FileType.USD - /home/jnu/anaconda3/envs/isaaclab/lib/python3.11/site-packages/isaacsim/exts/isaacsim.ros2.bridge/isaacsim/ros2/bridge/ogn/tests/usd/OgnROS2ServiceServerResponseTemplate.usda
[2026-02-13 14:10:32,501][ogn_registration][INFO] - ...found file of type FileType.USD - /home/jnu/anaconda3/envs/isaaclab/lib/python3.11/site-packages/isaacsim/exts/isaacsim.ros2.bridge/isaacsim/ros2/bridge/ogn/tests/usd/OgnROS2SubscriberTemplate.usda
[2026-02-13 14:10:32,501][ogn_registration][INFO] - ...found file of type FileType.USD - /home/jnu/anaconda3/envs/isaaclab/lib/python3.11/site-packages/isaacsim/exts/isaacsim.ros2.bridge/isaacsim/ros2/bridge/ogn/tests/usd/OgnROS2PublishBbox3DTemplate.usda
[2026-02-13 14:10:32,501][ogn_registration][INFO] - ...found file of type FileType.USD - /home/jnu/anaconda3/envs/isaaclab/lib/python3.11/site-packages/isaacsim/exts/isaacsim.ros2.bridge/isaacsim/ros2/bridge/ogn/tests/usd/OgnROS2PublishOdometryTemplate.usda
[2026-02-13 14:10:32,501][ogn_registration][INFO] - ...found file of type FileType.USD - /home/jnu/anaconda3/envs/isaaclab/lib/python3.11/site-packages/isaacsim/exts/isaacsim.ros2.bridge/isaacsim/ros2/bridge/ogn/tests/usd/OgnROS2ServiceClientTemplate.usda
[2026-02-13 14:10:32,501][ogn_registration][INFO] - ...found file of type FileType.USD - /home/jnu/anaconda3/envs/isaaclab/lib/python3.11/site-packages/isaacsim/exts/isaacsim.ros2.bridge/isaacsim/ros2/bridge/ogn/tests/usd/OgnROS2PublishCameraInfoTemplate.usda
[2026-02-13 14:10:32,501][ogn_registration][INFO] - ...found file of type FileType.USD - /home/jnu/anaconda3/envs/isaaclab/lib/python3.11/site-packages/isaacsim/exts/isaacsim.ros2.bridge/isaacsim/ros2/bridge/ogn/tests/usd/OgnROS2PublishImageTemplate.usda
[2026-02-13 14:10:32,501][ogn_registration][INFO] - ...constructing node type definition for OgnROS2CameraHelper at /home/jnu/anaconda3/envs/isaaclab/lib/python3.11/site-packages/isaacsim/exts/isaacsim.ros2.bridge/isaacsim/ros2/bridge/ogn/python/nodes/OgnROS2CameraHelper.ogn
[2026-02-13 14:10:32,501][ogn_registration][INFO] - Creating node type definition for OgnROS2CameraHelper at /home/jnu/anaconda3/envs/isaaclab/lib/python3.11/site-packages/isaacsim/exts/isaacsim.ros2.bridge/isaacsim/ros2/bridge/ogn/python/nodes/OgnROS2CameraHelper.ogn
[2026-02-13 14:10:32,501][ogn_registration][INFO] - ...constructing node type definition for OgnROS2CameraInfoHelper at /home/jnu/anaconda3/envs/isaaclab/lib/python3.11/site-packages/isaacsim/exts/isaacsim.ros2.bridge/isaacsim/ros2/bridge/ogn/python/nodes/OgnROS2CameraInfoHelper.ogn
[2026-02-13 14:10:32,501][ogn_registration][INFO] - Creating node type definition for OgnROS2CameraInfoHelper at /home/jnu/anaconda3/envs/isaaclab/lib/python3.11/site-packages/isaacsim/exts/isaacsim.ros2.bridge/isaacsim/ros2/bridge/ogn/python/nodes/OgnROS2CameraInfoHelper.ogn
[2026-02-13 14:10:32,501][ogn_registration][INFO] - ...constructing node type definition for OgnROS2RtxLidarHelper at /home/jnu/anaconda3/envs/isaaclab/lib/python3.11/site-packages/isaacsim/exts/isaacsim.ros2.bridge/isaacsim/ros2/bridge/ogn/python/nodes/OgnROS2RtxLidarHelper.ogn
[2026-02-13 14:10:32,501][ogn_registration][INFO] - Creating node type definition for OgnROS2RtxLidarHelper at /home/jnu/anaconda3/envs/isaaclab/lib/python3.11/site-packages/isaacsim/exts/isaacsim.ros2.bridge/isaacsim/ros2/bridge/ogn/python/nodes/OgnROS2RtxLidarHelper.ogn
[2026-02-13 14:10:32,501][ogn_registration][INFO] - ...constructing node type definition for OgnROS2QoSProfile at /home/jnu/anaconda3/envs/isaaclab/lib/python3.11/site-packages/isaacsim/exts/isaacsim.ros2.bridge/isaacsim/ros2/bridge/ogn/python/nodes/OgnROS2QoSProfile.ogn
[2026-02-13 14:10:32,501][ogn_registration][INFO] - Creating node type definition for OgnROS2QoSProfile at /home/jnu/anaconda3/envs/isaaclab/lib/python3.11/site-packages/isaacsim/exts/isaacsim.ros2.bridge/isaacsim/ros2/bridge/ogn/python/nodes/OgnROS2QoSProfile.ogn
[2026-02-13 14:10:32,502][ogn_registration][INFO] - Adding 4 files at version VersionProperties.GENERATOR = (1, 79, 2), VersionProperties.TARGET = (2, 184, 5)
[2026-02-13 14:10:32,502][ogn_registration][INFO] - add generated file(/home/jnu/anaconda3/envs/isaaclab/lib/python3.11/site-packages/isaacsim/exts/isaacsim.ros2.bridge/isaacsim/ros2/bridge/ogn/OgnROS2CameraHelperDatabase.py, FileType.PYTHON_DB)
[2026-02-13 14:10:32,502][ogn_registration][INFO] - add user file(/home/jnu/anaconda3/envs/isaaclab/lib/python3.11/site-packages/isaacsim/exts/isaacsim.ros2.bridge/isaacsim/ros2/bridge/ogn/python/nodes/OgnROS2CameraHelper.py, FileType.PYTHON)
[2026-02-13 14:10:32,502][ogn_registration][INFO] - add generated file(/home/jnu/anaconda3/envs/isaaclab/lib/python3.11/site-packages/isaacsim/exts/isaacsim.ros2.bridge/isaacsim/ros2/bridge/ogn/tests/TestOgnROS2CameraHelper.py, FileType.TEST)
[2026-02-13 14:10:32,502][ogn_registration][INFO] - add generated file(/home/jnu/anaconda3/envs/isaaclab/lib/python3.11/site-packages/isaacsim/exts/isaacsim.ros2.bridge/isaacsim/ros2/bridge/ogn/tests/usd/OgnROS2CameraHelperTemplate.usda, FileType.USD)
[2026-02-13 14:10:32,502][ogn_registration][INFO] - Adding 4 files at version VersionProperties.GENERATOR = (1, 79, 2), VersionProperties.TARGET = (2, 184, 5)
[2026-02-13 14:10:32,502][ogn_registration][INFO] - add generated file(/home/jnu/anaconda3/envs/isaaclab/lib/python3.11/site-packages/isaacsim/exts/isaacsim.ros2.bridge/isaacsim/ros2/bridge/ogn/OgnROS2CameraInfoHelperDatabase.py, FileType.PYTHON_DB)
[2026-02-13 14:10:32,502][ogn_registration][INFO] - add user file(/home/jnu/anaconda3/envs/isaaclab/lib/python3.11/site-packages/isaacsim/exts/isaacsim.ros2.bridge/isaacsim/ros2/bridge/ogn/python/nodes/OgnROS2CameraInfoHelper.py, FileType.PYTHON)
[2026-02-13 14:10:32,502][ogn_registration][INFO] - add generated file(/home/jnu/anaconda3/envs/isaaclab/lib/python3.11/site-packages/isaacsim/exts/isaacsim.ros2.bridge/isaacsim/ros2/bridge/ogn/tests/TestOgnROS2CameraInfoHelper.py, FileType.TEST)
[2026-02-13 14:10:32,502][ogn_registration][INFO] - add generated file(/home/jnu/anaconda3/envs/isaaclab/lib/python3.11/site-packages/isaacsim/exts/isaacsim.ros2.bridge/isaacsim/ros2/bridge/ogn/tests/usd/OgnROS2CameraInfoHelperTemplate.usda, FileType.USD)
[2026-02-13 14:10:32,502][ogn_registration][INFO] - Adding 4 files at version VersionProperties.GENERATOR = (1, 79, 2), VersionProperties.TARGET = (2, 184, 5)
[2026-02-13 14:10:32,502][ogn_registration][INFO] - add generated file(/home/jnu/anaconda3/envs/isaaclab/lib/python3.11/site-packages/isaacsim/exts/isaacsim.ros2.bridge/isaacsim/ros2/bridge/ogn/OgnROS2RtxLidarHelperDatabase.py, FileType.PYTHON_DB)
[2026-02-13 14:10:32,502][ogn_registration][INFO] - add user file(/home/jnu/anaconda3/envs/isaaclab/lib/python3.11/site-packages/isaacsim/exts/isaacsim.ros2.bridge/isaacsim/ros2/bridge/ogn/python/nodes/OgnROS2RtxLidarHelper.py, FileType.PYTHON)
[2026-02-13 14:10:32,502][ogn_registration][INFO] - add generated file(/home/jnu/anaconda3/envs/isaaclab/lib/python3.11/site-packages/isaacsim/exts/isaacsim.ros2.bridge/isaacsim/ros2/bridge/ogn/tests/TestOgnROS2RtxLidarHelper.py, FileType.TEST)
[2026-02-13 14:10:32,502][ogn_registration][INFO] - add generated file(/home/jnu/anaconda3/envs/isaaclab/lib/python3.11/site-packages/isaacsim/exts/isaacsim.ros2.bridge/isaacsim/ros2/bridge/ogn/tests/usd/OgnROS2RtxLidarHelperTemplate.usda, FileType.USD)
[2026-02-13 14:10:32,502][ogn_registration][INFO] - Adding 4 files at version VersionProperties.GENERATOR = (1, 79, 2), VersionProperties.TARGET = (2, 184, 5)
[2026-02-13 14:10:32,502][ogn_registration][INFO] - add generated file(/home/jnu/anaconda3/envs/isaaclab/lib/python3.11/site-packages/isaacsim/exts/isaacsim.ros2.bridge/isaacsim/ros2/bridge/ogn/OgnROS2QoSProfileDatabase.py, FileType.PYTHON_DB)
[2026-02-13 14:10:32,502][ogn_registration][INFO] - add user file(/home/jnu/anaconda3/envs/isaaclab/lib/python3.11/site-packages/isaacsim/exts/isaacsim.ros2.bridge/isaacsim/ros2/bridge/ogn/python/nodes/OgnROS2QoSProfile.py, FileType.PYTHON)
[2026-02-13 14:10:32,502][ogn_registration][INFO] - add generated file(/home/jnu/anaconda3/envs/isaaclab/lib/python3.11/site-packages/isaacsim/exts/isaacsim.ros2.bridge/isaacsim/ros2/bridge/ogn/tests/TestOgnROS2QoSProfile.py, FileType.TEST)
[2026-02-13 14:10:32,502][ogn_registration][INFO] - add generated file(/home/jnu/anaconda3/envs/isaaclab/lib/python3.11/site-packages/isaacsim/exts/isaacsim.ros2.bridge/isaacsim/ros2/bridge/ogn/tests/usd/OgnROS2QoSProfileTemplate.usda, FileType.USD)
[2026-02-13 14:10:32,502][ogn_registration][INFO] - Cache path /home/jnu/anaconda3/envs/isaaclab/lib/python3.11/site-packages/isaacsim/kit/cache/ogn_generated/1.79.2/isaacsim.ros2.bridge-4.12.4/isaacsim.ros2.bridge/ogn is not a directory
[2026-02-13 14:10:32,502][ogn_registration][INFO] - isaacsim.ros2.bridge: Time to scan the extension for node types = 0.009144
[2026-02-13 14:10:32,502][ogn_registration][INFO] - Ensuring node types in extension isaacsim.ros2.bridge are up to date
[2026-02-13 14:10:32,503][ogn_registration][INFO] - isaacsim.ros2.bridge: Time to update the out-of-date generated code = 0.000073
[2026-02-13 14:10:32,503][ogn_registration][INFO] - Attempting OGN 1.18 Python imports for isaacsim.ros2.bridge-4.12.4
[2026-02-13 14:10:32,503][ogn_registration][INFO] - Importing isaacsim.ros2.bridge.ogn and isaacsim.ros2.bridge.ogn.tests with tests
[2026-02-13 14:10:32,503][ogn_registration][INFO] - --- Finding module isaacsim.ros2.bridge.ogn in <module 'isaacsim.ros2.bridge' from '/home/jnu/anaconda3/envs/isaaclab/lib/python3.11/site-packages/isaacsim/exts/isaacsim.ros2.bridge/isaacsim/ros2/bridge/__init__.py'> with submodule name ogn
[2026-02-13 14:10:32,503][ogn_registration][INFO] - ...module isaacsim.ros2.bridge.ogn was already in the Python namespace
[2026-02-13 14:10:32,503][ogn_registration][INFO] - -> Found .ogn module, looking for ogn.tests too
[2026-02-13 14:10:32,503][ogn_registration][INFO] - --- Finding module isaacsim.ros2.bridge.ogn.tests in <module 'isaacsim.ros2.bridge.ogn' (<_frozen_importlib_external.NamespaceLoader object at 0x7c0eaa70c550>)> with submodule name ogn.tests
[2026-02-13 14:10:32,503][ogn_registration][INFO] - --X module was not already imported
[2026-02-13 14:10:32,503][ogn_registration][INFO] - ... Trying to import isaacsim.ros2.bridge.ogn.tests directly
[2026-02-13 14:10:32,503][ogn_registration][INFO] - --> Found the module at <module 'isaacsim.ros2.bridge.ogn.tests' from '/home/jnu/anaconda3/envs/isaaclab/lib/python3.11/site-packages/isaacsim/exts/isaacsim.ros2.bridge/isaacsim/ros2/bridge/ogn/tests/__init__.py'>
[2026-02-13 14:10:32,505][ogn_registration][INFO] - Importing module isaacsim.ros2.bridge.ogn.OgnROS2CameraHelperDatabase from /home/jnu/anaconda3/envs/isaaclab/lib/python3.11/site-packages/isaacsim/exts/isaacsim.ros2.bridge/isaacsim/ros2/bridge/ogn/OgnROS2CameraHelperDatabase.py
[2026-02-13 14:10:32,506][ogn_registration][INFO] - ... created the module as <module 'isaacsim.ros2.bridge.ogn.OgnROS2CameraHelperDatabase' from '/home/jnu/anaconda3/envs/isaaclab/lib/python3.11/site-packages/isaacsim/exts/isaacsim.ros2.bridge/isaacsim/ros2/bridge/ogn/OgnROS2CameraHelperDatabase.py'>
[2026-02-13 14:10:32,506][ogn_registration][INFO] - ...Import DB isaacsim.ros2.bridge.ogn.OgnROS2CameraHelperDatabase into ['OgnROS2CameraHelperDatabase', '__builtins__', '__cached__', '__doc__', '__file__', '__loader__', '__name__', '__package__', '__spec__', '_og', 'carb', 'numpy', 'og', 'ogn', 'sys', 'traceback'] from /home/jnu/anaconda3/envs/isaaclab/lib/python3.11/site-packages/isaacsim/exts/isaacsim.ros2.bridge/isaacsim/ros2/bridge/ogn/OgnROS2CameraHelperDatabase.py
[2026-02-13 14:10:32,506][ogn_registration][INFO] - Importing module isaacsim.ros2.bridge.ogn.python.nodes.OgnROS2CameraHelper from /home/jnu/anaconda3/envs/isaaclab/lib/python3.11/site-packages/isaacsim/exts/isaacsim.ros2.bridge/isaacsim/ros2/bridge/ogn/python/nodes/OgnROS2CameraHelper.py
[2026-02-13 14:10:32,506][ogn_registration][INFO] - ... created the module as <module 'isaacsim.ros2.bridge.ogn.python.nodes.OgnROS2CameraHelper' from '/home/jnu/anaconda3/envs/isaaclab/lib/python3.11/site-packages/isaacsim/exts/isaacsim.ros2.bridge/isaacsim/ros2/bridge/ogn/python/nodes/OgnROS2CameraHelper.py'>
[2026-02-13 14:10:32,506][ogn_registration][INFO] - ...Import Node isaacsim.ros2.bridge.ogn.python.nodes.OgnROS2CameraHelper into <module 'isaacsim.ros2.bridge.ogn.python.nodes.OgnROS2CameraHelper' from '/home/jnu/anaconda3/envs/isaaclab/lib/python3.11/site-packages/isaacsim/exts/isaacsim.ros2.bridge/isaacsim/ros2/bridge/ogn/python/nodes/OgnROS2CameraHelper.py'> from /home/jnu/anaconda3/envs/isaaclab/lib/python3.11/site-packages/isaacsim/exts/isaacsim.ros2.bridge/isaacsim/ros2/bridge/ogn/python/nodes/OgnROS2CameraHelper.py
[2026-02-13 14:10:32,506][ogn_registration][INFO] - Importing module isaacsim.ros2.bridge.ogn.tests.TestOgnROS2CameraHelper from /home/jnu/anaconda3/envs/isaaclab/lib/python3.11/site-packages/isaacsim/exts/isaacsim.ros2.bridge/isaacsim/ros2/bridge/ogn/tests/TestOgnROS2CameraHelper.py
[2026-02-13 14:10:32,506][ogn_registration][INFO] - ... created the module as <module 'isaacsim.ros2.bridge.ogn.tests.TestOgnROS2CameraHelper' from '/home/jnu/anaconda3/envs/isaaclab/lib/python3.11/site-packages/isaacsim/exts/isaacsim.ros2.bridge/isaacsim/ros2/bridge/ogn/tests/TestOgnROS2CameraHelper.py'>
[2026-02-13 14:10:32,506][ogn_registration][INFO] - ...Imported test isaacsim.ros2.bridge.ogn.tests.TestOgnROS2CameraHelper into <module 'isaacsim.ros2.bridge.ogn.tests.TestOgnROS2CameraHelper' from '/home/jnu/anaconda3/envs/isaaclab/lib/python3.11/site-packages/isaacsim/exts/isaacsim.ros2.bridge/isaacsim/ros2/bridge/ogn/tests/TestOgnROS2CameraHelper.py'> from /home/jnu/anaconda3/envs/isaaclab/lib/python3.11/site-packages/isaacsim/exts/isaacsim.ros2.bridge/isaacsim/ros2/bridge/ogn/tests/TestOgnROS2CameraHelper.py
[2026-02-13 14:10:32,507][ogn_registration][INFO] - Importing module isaacsim.ros2.bridge.ogn.OgnROS2CameraInfoHelperDatabase from /home/jnu/anaconda3/envs/isaaclab/lib/python3.11/site-packages/isaacsim/exts/isaacsim.ros2.bridge/isaacsim/ros2/bridge/ogn/OgnROS2CameraInfoHelperDatabase.py
[2026-02-13 14:10:32,507][ogn_registration][INFO] - ... created the module as <module 'isaacsim.ros2.bridge.ogn.OgnROS2CameraInfoHelperDatabase' from '/home/jnu/anaconda3/envs/isaaclab/lib/python3.11/site-packages/isaacsim/exts/isaacsim.ros2.bridge/isaacsim/ros2/bridge/ogn/OgnROS2CameraInfoHelperDatabase.py'>
[2026-02-13 14:10:32,507][ogn_registration][INFO] - ...Import DB isaacsim.ros2.bridge.ogn.OgnROS2CameraInfoHelperDatabase into ['OgnROS2CameraInfoHelperDatabase', '__builtins__', '__cached__', '__doc__', '__file__', '__loader__', '__name__', '__package__', '__spec__', '_og', 'carb', 'og', 'ogn', 'sys', 'traceback'] from /home/jnu/anaconda3/envs/isaaclab/lib/python3.11/site-packages/isaacsim/exts/isaacsim.ros2.bridge/isaacsim/ros2/bridge/ogn/OgnROS2CameraInfoHelperDatabase.py
[2026-02-13 14:10:32,507][ogn_registration][INFO] - Importing module isaacsim.ros2.bridge.ogn.python.nodes.OgnROS2CameraInfoHelper from /home/jnu/anaconda3/envs/isaaclab/lib/python3.11/site-packages/isaacsim/exts/isaacsim.ros2.bridge/isaacsim/ros2/bridge/ogn/python/nodes/OgnROS2CameraInfoHelper.py
[2026-02-13 14:10:32,507][ogn_registration][INFO] - ... created the module as <module 'isaacsim.ros2.bridge.ogn.python.nodes.OgnROS2CameraInfoHelper' from '/home/jnu/anaconda3/envs/isaaclab/lib/python3.11/site-packages/isaacsim/exts/isaacsim.ros2.bridge/isaacsim/ros2/bridge/ogn/python/nodes/OgnROS2CameraInfoHelper.py'>
[2026-02-13 14:10:32,507][ogn_registration][INFO] - ...Import Node isaacsim.ros2.bridge.ogn.python.nodes.OgnROS2CameraInfoHelper into <module 'isaacsim.ros2.bridge.ogn.python.nodes.OgnROS2CameraInfoHelper' from '/home/jnu/anaconda3/envs/isaaclab/lib/python3.11/site-packages/isaacsim/exts/isaacsim.ros2.bridge/isaacsim/ros2/bridge/ogn/python/nodes/OgnROS2CameraInfoHelper.py'> from /home/jnu/anaconda3/envs/isaaclab/lib/python3.11/site-packages/isaacsim/exts/isaacsim.ros2.bridge/isaacsim/ros2/bridge/ogn/python/nodes/OgnROS2CameraInfoHelper.py
[2026-02-13 14:10:32,507][ogn_registration][INFO] - Importing module isaacsim.ros2.bridge.ogn.tests.TestOgnROS2CameraInfoHelper from /home/jnu/anaconda3/envs/isaaclab/lib/python3.11/site-packages/isaacsim/exts/isaacsim.ros2.bridge/isaacsim/ros2/bridge/ogn/tests/TestOgnROS2CameraInfoHelper.py
[2026-02-13 14:10:32,507][ogn_registration][INFO] - ... created the module as <module 'isaacsim.ros2.bridge.ogn.tests.TestOgnROS2CameraInfoHelper' from '/home/jnu/anaconda3/envs/isaaclab/lib/python3.11/site-packages/isaacsim/exts/isaacsim.ros2.bridge/isaacsim/ros2/bridge/ogn/tests/TestOgnROS2CameraInfoHelper.py'>
[2026-02-13 14:10:32,507][ogn_registration][INFO] - ...Imported test isaacsim.ros2.bridge.ogn.tests.TestOgnROS2CameraInfoHelper into <module 'isaacsim.ros2.bridge.ogn.tests.TestOgnROS2CameraInfoHelper' from '/home/jnu/anaconda3/envs/isaaclab/lib/python3.11/site-packages/isaacsim/exts/isaacsim.ros2.bridge/isaacsim/ros2/bridge/ogn/tests/TestOgnROS2CameraInfoHelper.py'> from /home/jnu/anaconda3/envs/isaaclab/lib/python3.11/site-packages/isaacsim/exts/isaacsim.ros2.bridge/isaacsim/ros2/bridge/ogn/tests/TestOgnROS2CameraInfoHelper.py
[2026-02-13 14:10:32,507][ogn_registration][INFO] - Importing module isaacsim.ros2.bridge.ogn.OgnROS2RtxLidarHelperDatabase from /home/jnu/anaconda3/envs/isaaclab/lib/python3.11/site-packages/isaacsim/exts/isaacsim.ros2.bridge/isaacsim/ros2/bridge/ogn/OgnROS2RtxLidarHelperDatabase.py
[2026-02-13 14:10:32,508][ogn_registration][INFO] - ... created the module as <module 'isaacsim.ros2.bridge.ogn.OgnROS2RtxLidarHelperDatabase' from '/home/jnu/anaconda3/envs/isaaclab/lib/python3.11/site-packages/isaacsim/exts/isaacsim.ros2.bridge/isaacsim/ros2/bridge/ogn/OgnROS2RtxLidarHelperDatabase.py'>
[2026-02-13 14:10:32,508][ogn_registration][INFO] - ...Import DB isaacsim.ros2.bridge.ogn.OgnROS2RtxLidarHelperDatabase into ['OgnROS2RtxLidarHelperDatabase', '__builtins__', '__cached__', '__doc__', '__file__', '__loader__', '__name__', '__package__', '__spec__', '_og', 'carb', 'og', 'ogn', 'sys', 'traceback'] from /home/jnu/anaconda3/envs/isaaclab/lib/python3.11/site-packages/isaacsim/exts/isaacsim.ros2.bridge/isaacsim/ros2/bridge/ogn/OgnROS2RtxLidarHelperDatabase.py
[2026-02-13 14:10:32,508][ogn_registration][INFO] - Importing module isaacsim.ros2.bridge.ogn.python.nodes.OgnROS2RtxLidarHelper from /home/jnu/anaconda3/envs/isaaclab/lib/python3.11/site-packages/isaacsim/exts/isaacsim.ros2.bridge/isaacsim/ros2/bridge/ogn/python/nodes/OgnROS2RtxLidarHelper.py
[2026-02-13 14:10:32,508][ogn_registration][INFO] - ... created the module as <module 'isaacsim.ros2.bridge.ogn.python.nodes.OgnROS2RtxLidarHelper' from '/home/jnu/anaconda3/envs/isaaclab/lib/python3.11/site-packages/isaacsim/exts/isaacsim.ros2.bridge/isaacsim/ros2/bridge/ogn/python/nodes/OgnROS2RtxLidarHelper.py'>
[2026-02-13 14:10:32,508][ogn_registration][INFO] - ...Import Node isaacsim.ros2.bridge.ogn.python.nodes.OgnROS2RtxLidarHelper into <module 'isaacsim.ros2.bridge.ogn.python.nodes.OgnROS2RtxLidarHelper' from '/home/jnu/anaconda3/envs/isaaclab/lib/python3.11/site-packages/isaacsim/exts/isaacsim.ros2.bridge/isaacsim/ros2/bridge/ogn/python/nodes/OgnROS2RtxLidarHelper.py'> from /home/jnu/anaconda3/envs/isaaclab/lib/python3.11/site-packages/isaacsim/exts/isaacsim.ros2.bridge/isaacsim/ros2/bridge/ogn/python/nodes/OgnROS2RtxLidarHelper.py
[2026-02-13 14:10:32,508][ogn_registration][INFO] - Importing module isaacsim.ros2.bridge.ogn.tests.TestOgnROS2RtxLidarHelper from /home/jnu/anaconda3/envs/isaaclab/lib/python3.11/site-packages/isaacsim/exts/isaacsim.ros2.bridge/isaacsim/ros2/bridge/ogn/tests/TestOgnROS2RtxLidarHelper.py
[2026-02-13 14:10:32,508][ogn_registration][INFO] - ... created the module as <module 'isaacsim.ros2.bridge.ogn.tests.TestOgnROS2RtxLidarHelper' from '/home/jnu/anaconda3/envs/isaaclab/lib/python3.11/site-packages/isaacsim/exts/isaacsim.ros2.bridge/isaacsim/ros2/bridge/ogn/tests/TestOgnROS2RtxLidarHelper.py'>
[2026-02-13 14:10:32,508][ogn_registration][INFO] - ...Imported test isaacsim.ros2.bridge.ogn.tests.TestOgnROS2RtxLidarHelper into <module 'isaacsim.ros2.bridge.ogn.tests.TestOgnROS2RtxLidarHelper' from '/home/jnu/anaconda3/envs/isaaclab/lib/python3.11/site-packages/isaacsim/exts/isaacsim.ros2.bridge/isaacsim/ros2/bridge/ogn/tests/TestOgnROS2RtxLidarHelper.py'> from /home/jnu/anaconda3/envs/isaaclab/lib/python3.11/site-packages/isaacsim/exts/isaacsim.ros2.bridge/isaacsim/ros2/bridge/ogn/tests/TestOgnROS2RtxLidarHelper.py
[2026-02-13 14:10:32,508][ogn_registration][INFO] - Importing module isaacsim.ros2.bridge.ogn.OgnROS2QoSProfileDatabase from /home/jnu/anaconda3/envs/isaaclab/lib/python3.11/site-packages/isaacsim/exts/isaacsim.ros2.bridge/isaacsim/ros2/bridge/ogn/OgnROS2QoSProfileDatabase.py
[2026-02-13 14:10:32,509][ogn_registration][INFO] - ... created the module as <module 'isaacsim.ros2.bridge.ogn.OgnROS2QoSProfileDatabase' from '/home/jnu/anaconda3/envs/isaaclab/lib/python3.11/site-packages/isaacsim/exts/isaacsim.ros2.bridge/isaacsim/ros2/bridge/ogn/OgnROS2QoSProfileDatabase.py'>
[2026-02-13 14:10:32,509][ogn_registration][INFO] - ...Import DB isaacsim.ros2.bridge.ogn.OgnROS2QoSProfileDatabase into ['OgnROS2QoSProfileDatabase', '__builtins__', '__cached__', '__doc__', '__file__', '__loader__', '__name__', '__package__', '__spec__', '_og', 'carb', 'og', 'ogn', 'sys', 'traceback'] from /home/jnu/anaconda3/envs/isaaclab/lib/python3.11/site-packages/isaacsim/exts/isaacsim.ros2.bridge/isaacsim/ros2/bridge/ogn/OgnROS2QoSProfileDatabase.py
[2026-02-13 14:10:32,509][ogn_registration][INFO] - Importing module isaacsim.ros2.bridge.ogn.python.nodes.OgnROS2QoSProfile from /home/jnu/anaconda3/envs/isaaclab/lib/python3.11/site-packages/isaacsim/exts/isaacsim.ros2.bridge/isaacsim/ros2/bridge/ogn/python/nodes/OgnROS2QoSProfile.py
[2026-02-13 14:10:32,509][ogn_registration][INFO] - ... created the module as <module 'isaacsim.ros2.bridge.ogn.python.nodes.OgnROS2QoSProfile' from '/home/jnu/anaconda3/envs/isaaclab/lib/python3.11/site-packages/isaacsim/exts/isaacsim.ros2.bridge/isaacsim/ros2/bridge/ogn/python/nodes/OgnROS2QoSProfile.py'>
[2026-02-13 14:10:32,509][ogn_registration][INFO] - ...Import Node isaacsim.ros2.bridge.ogn.python.nodes.OgnROS2QoSProfile into <module 'isaacsim.ros2.bridge.ogn.python.nodes.OgnROS2QoSProfile' from '/home/jnu/anaconda3/envs/isaaclab/lib/python3.11/site-packages/isaacsim/exts/isaacsim.ros2.bridge/isaacsim/ros2/bridge/ogn/python/nodes/OgnROS2QoSProfile.py'> from /home/jnu/anaconda3/envs/isaaclab/lib/python3.11/site-packages/isaacsim/exts/isaacsim.ros2.bridge/isaacsim/ros2/bridge/ogn/python/nodes/OgnROS2QoSProfile.py
[2026-02-13 14:10:32,509][ogn_registration][INFO] - Importing module isaacsim.ros2.bridge.ogn.tests.TestOgnROS2QoSProfile from /home/jnu/anaconda3/envs/isaaclab/lib/python3.11/site-packages/isaacsim/exts/isaacsim.ros2.bridge/isaacsim/ros2/bridge/ogn/tests/TestOgnROS2QoSProfile.py
[2026-02-13 14:10:32,509][ogn_registration][INFO] - ... created the module as <module 'isaacsim.ros2.bridge.ogn.tests.TestOgnROS2QoSProfile' from '/home/jnu/anaconda3/envs/isaaclab/lib/python3.11/site-packages/isaacsim/exts/isaacsim.ros2.bridge/isaacsim/ros2/bridge/ogn/tests/TestOgnROS2QoSProfile.py'>
[2026-02-13 14:10:32,509][ogn_registration][INFO] - ...Imported test isaacsim.ros2.bridge.ogn.tests.TestOgnROS2QoSProfile into <module 'isaacsim.ros2.bridge.ogn.tests.TestOgnROS2QoSProfile' from '/home/jnu/anaconda3/envs/isaaclab/lib/python3.11/site-packages/isaacsim/exts/isaacsim.ros2.bridge/isaacsim/ros2/bridge/ogn/tests/TestOgnROS2QoSProfile.py'> from /home/jnu/anaconda3/envs/isaaclab/lib/python3.11/site-packages/isaacsim/exts/isaacsim.ros2.bridge/isaacsim/ros2/bridge/ogn/tests/TestOgnROS2QoSProfile.py
[2026-02-13 14:10:32,509][ogn_registration][INFO] - isaacsim.ros2.bridge: Time to import the generated objects = 0.006820
[2026-02-13 14:10:32,509][ogn_registration][INFO] - Registering the nodes in isaacsim.ros2.bridge
[2026-02-13 14:10:32,509][ogn_registration][INFO] - -- node implementations {'OgnROS2CameraHelperDatabase': <class 'isaacsim.ros2.bridge.ogn.python.nodes.OgnROS2CameraHelper.OgnROS2CameraHelper'>, 'OgnROS2CameraInfoHelperDatabase': <class 'isaacsim.ros2.bridge.ogn.python.nodes.OgnROS2CameraInfoHelper.OgnROS2CameraInfoHelper'>, 'OgnROS2RtxLidarHelperDatabase': <class 'isaacsim.ros2.bridge.ogn.python.nodes.OgnROS2RtxLidarHelper.OgnROS2RtxLidarHelper'>, 'OgnROS2QoSProfileDatabase': <class 'isaacsim.ros2.bridge.ogn.python.nodes.OgnROS2QoSProfile.OgnROS2QoSProfile'>}
[2026-02-13 14:10:32,509][ogn_registration][INFO] - Found the database class <class 'isaacsim.ros2.bridge.ogn.OgnROS2CameraHelperDatabase.OgnROS2CameraHelperDatabase'> with node module <class 'isaacsim.ros2.bridge.ogn.python.nodes.OgnROS2CameraHelper.OgnROS2CameraHelper'>
[2026-02-13 14:10:32,510][ogn_registration][INFO] - Registered okay, adding the deregister function <function OgnROS2CameraHelperDatabase.deregister at 0x7bff281d2520>
[2026-02-13 14:10:32,510][ogn_registration][INFO] - ...Registered through database OgnROS2CameraHelperDatabase
[2026-02-13 14:10:32,510][ogn_registration][INFO] - Found the database class <class 'isaacsim.ros2.bridge.ogn.OgnROS2CameraInfoHelperDatabase.OgnROS2CameraInfoHelperDatabase'> with node module <class 'isaacsim.ros2.bridge.ogn.python.nodes.OgnROS2CameraInfoHelper.OgnROS2CameraInfoHelper'>
[2026-02-13 14:10:32,510][ogn_registration][INFO] - Registered okay, adding the deregister function <function OgnROS2CameraInfoHelperDatabase.deregister at 0x7c004a198d60>
[2026-02-13 14:10:32,510][ogn_registration][INFO] - ...Registered through database OgnROS2CameraInfoHelperDatabase
[2026-02-13 14:10:32,510][ogn_registration][INFO] - Found the database class <class 'isaacsim.ros2.bridge.ogn.OgnROS2RtxLidarHelperDatabase.OgnROS2RtxLidarHelperDatabase'> with node module <class 'isaacsim.ros2.bridge.ogn.python.nodes.OgnROS2RtxLidarHelper.OgnROS2RtxLidarHelper'>
[2026-02-13 14:10:32,510][ogn_registration][INFO] - Registered okay, adding the deregister function <function OgnROS2RtxLidarHelperDatabase.deregister at 0x7c004a19b600>
[2026-02-13 14:10:32,510][ogn_registration][INFO] - ...Registered through database OgnROS2RtxLidarHelperDatabase
[2026-02-13 14:10:32,510][ogn_registration][INFO] - Found the database class <class 'isaacsim.ros2.bridge.ogn.OgnROS2QoSProfileDatabase.OgnROS2QoSProfileDatabase'> with node module <class 'isaacsim.ros2.bridge.ogn.python.nodes.OgnROS2QoSProfile.OgnROS2QoSProfile'>
[2026-02-13 14:10:32,510][ogn_registration][INFO] - Registered okay, adding the deregister function <function OgnROS2QoSProfileDatabase.deregister at 0x7bff283859e0>
[2026-02-13 14:10:32,510][ogn_registration][INFO] - ...Registered through database OgnROS2QoSProfileDatabase
[2026-02-13 14:10:32,510][ogn_registration][INFO] - isaacsim.ros2.bridge: Time to register the generated objects = 0.000921
[2026-02-13 14:10:32,510][ogn_registration][INFO] -  -> Registered nodes from module isaacsim.ros2.bridge.tests at /home/jnu/anaconda3/envs/isaaclab/lib/python3.11/site-packages/isaacsim/exts/isaacsim.ros2.bridge
[2026-02-13 14:10:32,510][ogn_registration][INFO] - Registering nodes in /home/jnu/anaconda3/envs/isaaclab/lib/python3.11/site-packages/isaacsim/exts/isaacsim.ros2.bridge imported as isaacsim.ros2.bridge.tests with AutoNode config {}
[2026-02-13 14:10:32,510][ogn_registration][INFO] - Registering Python Node Types from isaacsim.ros2.bridge.tests at /home/jnu/anaconda3/envs/isaaclab/lib/python3.11/site-packages/isaacsim/exts/isaacsim.ros2.bridge in isaacsim.ros2.bridge
[2026-02-13 14:10:32,510][ogn_registration][INFO] - ========================================================================================================================
[2026-02-13 14:10:32,512][ogn_registration][INFO] - Finding OmniGraph extension content manager for isaacsim.ros2.bridge-4.12.4 in module isaacsim.ros2.bridge.tests at /home/jnu/anaconda3/envs/isaaclab/lib/python3.11/site-packages/isaacsim/exts/isaacsim.ros2.bridge
[2026-02-13 14:10:32,513][ogn_registration][INFO] - -> New generated folder /home/jnu/anaconda3/envs/isaaclab/lib/python3.11/site-packages/isaacsim/exts/isaacsim.ros2.bridge/ogn/isaacsim.ros2.bridge.tests is not a directory
[2026-02-13 14:10:32,513][ogn_registration][INFO] - -> Old ogn/ folder /home/jnu/anaconda3/envs/isaaclab/lib/python3.11/site-packages/isaacsim/exts/isaacsim.ros2.bridge/isaacsim/ros2/bridge/tests/ogn is not a directory
[2026-02-13 14:10:32,513][ogn_registration][INFO] - _walk_with_excludes(start=/home/jnu/anaconda3/envs/isaaclab/lib/python3.11/site-packages/isaacsim/exts/isaacsim.ros2.bridge/isaacsim/ros2/bridge/tests, exclude=['__pycache__'])
[2026-02-13 14:10:32,513][ogn_registration][INFO] -    ... walked /home/jnu/anaconda3/envs/isaaclab/lib/python3.11/site-packages/isaacsim/exts/isaacsim.ros2.bridge/isaacsim/ros2/bridge/tests, ['data'], ['test_publisher.py', 'test_camera_info.py', 'common.py', 'test_prim_validation.py', 'test_service.py', 'test_lidar.py', '__init__.py', 'test_camera_info_utils.py', 'test_point_cloud.py', 'test_pose_tree.py', 'test_waypoint_follower.py', 'test_clock.py', 'test_rclpy.py', 'test_camera.py', 'test_menu_graphs.py', 'test_differential_base.py', 'test_service_prim.py', 'test_joint_state.py', 'test_ros2_odometry.py', 'test_subscribers.py', 'test_subscriber.py', 'test_rtx_sensor.py', 'test_semantic_labels.py']
[2026-02-13 14:10:32,513][ogn_registration][INFO] -    ... walked /home/jnu/anaconda3/envs/isaaclab/lib/python3.11/site-packages/isaacsim/exts/isaacsim.ros2.bridge/isaacsim/ros2/bridge/tests/data, ['golden'], []
[2026-02-13 14:10:32,514][ogn_registration][INFO] -    ... walked /home/jnu/anaconda3/envs/isaaclab/lib/python3.11/site-packages/isaacsim/exts/isaacsim.ros2.bridge/isaacsim/ros2/bridge/tests/data/golden, [], ['.gitignore']
[2026-02-13 14:10:32,514][ogn_registration][INFO] - -> Extension contents not recognized as containing OmniGraph Python information
[2026-02-13 14:10:32,514][ogn_registration][INFO] - ...None found, no registration to do
[2026-02-13 14:10:32,514][ogn_registration][INFO] - ...Skipping: No OmniGraph presence in the module isaacsim.ros2.bridge.tests - No nodes in this module, do not remember it
[2026-02-13 14:10:32,514][ogn_registration][INFO] - Destroying registration record for isaacsim.ros2.bridge
[2026-02-13 14:10:32,514][ogn_registration][INFO] -  -> Registered nodes from module isaacsim.ros2.bridge.impl.samples.ros_samples at /home/jnu/anaconda3/envs/isaaclab/lib/python3.11/site-packages/isaacsim/exts/isaacsim.ros2.bridge
[2026-02-13 14:10:32,514][ogn_registration][INFO] - Registering nodes in /home/jnu/anaconda3/envs/isaaclab/lib/python3.11/site-packages/isaacsim/exts/isaacsim.ros2.bridge imported as isaacsim.ros2.bridge.impl.samples.ros_samples with AutoNode config {}
[2026-02-13 14:10:32,514][ogn_registration][INFO] - Registering Python Node Types from isaacsim.ros2.bridge.impl.samples.ros_samples at /home/jnu/anaconda3/envs/isaaclab/lib/python3.11/site-packages/isaacsim/exts/isaacsim.ros2.bridge in isaacsim.ros2.bridge
[2026-02-13 14:10:32,514][ogn_registration][INFO] - ========================================================================================================================
[2026-02-13 14:10:32,516][ogn_registration][INFO] - Finding OmniGraph extension content manager for isaacsim.ros2.bridge-4.12.4 in module isaacsim.ros2.bridge.impl.samples.ros_samples at /home/jnu/anaconda3/envs/isaaclab/lib/python3.11/site-packages/isaacsim/exts/isaacsim.ros2.bridge
[2026-02-13 14:10:32,516][ogn_registration][INFO] - -> New generated folder /home/jnu/anaconda3/envs/isaaclab/lib/python3.11/site-packages/isaacsim/exts/isaacsim.ros2.bridge/ogn/isaacsim.ros2.bridge.impl.samples.ros_samples is not a directory
[2026-02-13 14:10:32,516][ogn_registration][INFO] - -> Old ogn/ folder /home/jnu/anaconda3/envs/isaaclab/lib/python3.11/site-packages/isaacsim/exts/isaacsim.ros2.bridge/isaacsim/ros2/bridge/impl/samples/ros_samples/ogn is not a directory
[2026-02-13 14:10:32,516][ogn_registration][INFO] - _walk_with_excludes(start=/home/jnu/anaconda3/envs/isaaclab/lib/python3.11/site-packages/isaacsim/exts/isaacsim.ros2.bridge/isaacsim/ros2/bridge/impl/samples/ros_samples, exclude=['__pycache__'])
[2026-02-13 14:10:32,516][ogn_registration][INFO] - -> Extension contents not recognized as containing OmniGraph Python information
[2026-02-13 14:10:32,516][ogn_registration][INFO] - ...None found, no registration to do
[2026-02-13 14:10:32,516][ogn_registration][INFO] - ...Skipping: No OmniGraph presence in the module isaacsim.ros2.bridge.impl.samples.ros_samples - No nodes in this module, do not remember it
[2026-02-13 14:10:32,516][ogn_registration][INFO] - Destroying registration record for isaacsim.ros2.bridge
[2026-02-13 14:10:32,516][ogn_registration][INFO] -  -> Registered nodes from module isaacsim.ros2.bridge.impl.samples.ros_waypoint_follower_sample at /home/jnu/anaconda3/envs/isaaclab/lib/python3.11/site-packages/isaacsim/exts/isaacsim.ros2.bridge
[2026-02-13 14:10:32,516][ogn_registration][INFO] - Registering nodes in /home/jnu/anaconda3/envs/isaaclab/lib/python3.11/site-packages/isaacsim/exts/isaacsim.ros2.bridge imported as isaacsim.ros2.bridge.impl.samples.ros_waypoint_follower_sample with AutoNode config {}
[2026-02-13 14:10:32,516][ogn_registration][INFO] - Registering Python Node Types from isaacsim.ros2.bridge.impl.samples.ros_waypoint_follower_sample at /home/jnu/anaconda3/envs/isaaclab/lib/python3.11/site-packages/isaacsim/exts/isaacsim.ros2.bridge in isaacsim.ros2.bridge
[2026-02-13 14:10:32,516][ogn_registration][INFO] - ========================================================================================================================
[2026-02-13 14:10:32,518][ogn_registration][INFO] - Finding OmniGraph extension content manager for isaacsim.ros2.bridge-4.12.4 in module isaacsim.ros2.bridge.impl.samples.ros_waypoint_follower_sample at /home/jnu/anaconda3/envs/isaaclab/lib/python3.11/site-packages/isaacsim/exts/isaacsim.ros2.bridge
[2026-02-13 14:10:32,518][ogn_registration][INFO] - -> New generated folder /home/jnu/anaconda3/envs/isaaclab/lib/python3.11/site-packages/isaacsim/exts/isaacsim.ros2.bridge/ogn/isaacsim.ros2.bridge.impl.samples.ros_waypoint_follower_sample is not a directory
[2026-02-13 14:10:32,518][ogn_registration][INFO] - -> Old ogn/ folder /home/jnu/anaconda3/envs/isaaclab/lib/python3.11/site-packages/isaacsim/exts/isaacsim.ros2.bridge/isaacsim/ros2/bridge/impl/samples/ros_waypoint_follower_sample/ogn is not a directory
[2026-02-13 14:10:32,518][ogn_registration][INFO] - _walk_with_excludes(start=/home/jnu/anaconda3/envs/isaaclab/lib/python3.11/site-packages/isaacsim/exts/isaacsim.ros2.bridge/isaacsim/ros2/bridge/impl/samples/ros_waypoint_follower_sample, exclude=['__pycache__'])
[2026-02-13 14:10:32,518][ogn_registration][INFO] - -> Extension contents not recognized as containing OmniGraph Python information
[2026-02-13 14:10:32,518][ogn_registration][INFO] - ...None found, no registration to do
[2026-02-13 14:10:32,518][ogn_registration][INFO] - ...Skipping: No OmniGraph presence in the module isaacsim.ros2.bridge.impl.samples.ros_waypoint_follower_sample - No nodes in this module, do not remember it
[2026-02-13 14:10:32,518][ogn_registration][INFO] - Destroying registration record for isaacsim.ros2.bridge
[2026-02-13 14:10:32,518][ogn_registration][INFO] -  -> Registered nodes from module isaacsim.ros2.bridge.impl.samples.ros_moveit_sample at /home/jnu/anaconda3/envs/isaaclab/lib/python3.11/site-packages/isaacsim/exts/isaacsim.ros2.bridge
[2026-02-13 14:10:32,518][ogn_registration][INFO] - Registering nodes in /home/jnu/anaconda3/envs/isaaclab/lib/python3.11/site-packages/isaacsim/exts/isaacsim.ros2.bridge imported as isaacsim.ros2.bridge.impl.samples.ros_moveit_sample with AutoNode config {}
[2026-02-13 14:10:32,518][ogn_registration][INFO] - Registering Python Node Types from isaacsim.ros2.bridge.impl.samples.ros_moveit_sample at /home/jnu/anaconda3/envs/isaaclab/lib/python3.11/site-packages/isaacsim/exts/isaacsim.ros2.bridge in isaacsim.ros2.bridge
[2026-02-13 14:10:32,518][ogn_registration][INFO] - ========================================================================================================================
[2026-02-13 14:10:32,520][ogn_registration][INFO] - Finding OmniGraph extension content manager for isaacsim.ros2.bridge-4.12.4 in module isaacsim.ros2.bridge.impl.samples.ros_moveit_sample at /home/jnu/anaconda3/envs/isaaclab/lib/python3.11/site-packages/isaacsim/exts/isaacsim.ros2.bridge
[2026-02-13 14:10:32,520][ogn_registration][INFO] - -> New generated folder /home/jnu/anaconda3/envs/isaaclab/lib/python3.11/site-packages/isaacsim/exts/isaacsim.ros2.bridge/ogn/isaacsim.ros2.bridge.impl.samples.ros_moveit_sample is not a directory
[2026-02-13 14:10:32,520][ogn_registration][INFO] - -> Old ogn/ folder /home/jnu/anaconda3/envs/isaaclab/lib/python3.11/site-packages/isaacsim/exts/isaacsim.ros2.bridge/isaacsim/ros2/bridge/impl/samples/ros_moveit_sample/ogn is not a directory
[2026-02-13 14:10:32,520][ogn_registration][INFO] - _walk_with_excludes(start=/home/jnu/anaconda3/envs/isaaclab/lib/python3.11/site-packages/isaacsim/exts/isaacsim.ros2.bridge/isaacsim/ros2/bridge/impl/samples/ros_moveit_sample, exclude=['__pycache__'])
[2026-02-13 14:10:32,520][ogn_registration][INFO] - -> Extension contents not recognized as containing OmniGraph Python information
[2026-02-13 14:10:32,520][ogn_registration][INFO] - ...None found, no registration to do
[2026-02-13 14:10:32,520][ogn_registration][INFO] - ...Skipping: No OmniGraph presence in the module isaacsim.ros2.bridge.impl.samples.ros_moveit_sample - No nodes in this module, do not remember it
[2026-02-13 14:10:32,520][ogn_registration][INFO] - Destroying registration record for isaacsim.ros2.bridge
[2026-02-13 14:10:32,520][ogn_registration][INFO] -  -> Registered nodes from module isaacsim.ros2.bridge.impl.og_shortcuts.og_shortcut_menu at /home/jnu/anaconda3/envs/isaaclab/lib/python3.11/site-packages/isaacsim/exts/isaacsim.ros2.bridge
[2026-02-13 14:10:32,520][ogn_registration][INFO] - Registering nodes in /home/jnu/anaconda3/envs/isaaclab/lib/python3.11/site-packages/isaacsim/exts/isaacsim.ros2.bridge imported as isaacsim.ros2.bridge.impl.og_shortcuts.og_shortcut_menu with AutoNode config {}
[2026-02-13 14:10:32,520][ogn_registration][INFO] - Registering Python Node Types from isaacsim.ros2.bridge.impl.og_shortcuts.og_shortcut_menu at /home/jnu/anaconda3/envs/isaaclab/lib/python3.11/site-packages/isaacsim/exts/isaacsim.ros2.bridge in isaacsim.ros2.bridge
[2026-02-13 14:10:32,520][ogn_registration][INFO] - ========================================================================================================================
[2026-02-13 14:10:32,522][ogn_registration][INFO] - Finding OmniGraph extension content manager for isaacsim.ros2.bridge-4.12.4 in module isaacsim.ros2.bridge.impl.og_shortcuts.og_shortcut_menu at /home/jnu/anaconda3/envs/isaaclab/lib/python3.11/site-packages/isaacsim/exts/isaacsim.ros2.bridge
[2026-02-13 14:10:32,522][ogn_registration][INFO] - -> New generated folder /home/jnu/anaconda3/envs/isaaclab/lib/python3.11/site-packages/isaacsim/exts/isaacsim.ros2.bridge/ogn/isaacsim.ros2.bridge.impl.og_shortcuts.og_shortcut_menu is not a directory
[2026-02-13 14:10:32,522][ogn_registration][INFO] - -> Old ogn/ folder /home/jnu/anaconda3/envs/isaaclab/lib/python3.11/site-packages/isaacsim/exts/isaacsim.ros2.bridge/isaacsim/ros2/bridge/impl/og_shortcuts/og_shortcut_menu/ogn is not a directory
[2026-02-13 14:10:32,522][ogn_registration][INFO] - _walk_with_excludes(start=/home/jnu/anaconda3/envs/isaaclab/lib/python3.11/site-packages/isaacsim/exts/isaacsim.ros2.bridge/isaacsim/ros2/bridge/impl/og_shortcuts/og_shortcut_menu, exclude=['__pycache__'])
[2026-02-13 14:10:32,522][ogn_registration][INFO] - -> Extension contents not recognized as containing OmniGraph Python information
[2026-02-13 14:10:32,522][ogn_registration][INFO] - ...None found, no registration to do
[2026-02-13 14:10:32,522][ogn_registration][INFO] - ...Skipping: No OmniGraph presence in the module isaacsim.ros2.bridge.impl.og_shortcuts.og_shortcut_menu - No nodes in this module, do not remember it
[2026-02-13 14:10:32,522][ogn_registration][INFO] - Destroying registration record for isaacsim.ros2.bridge
[2026-02-13 14:10:32,522][ogn_registration][INFO] - OGN register isaacsim.ros2.bridge-4.12.4 took 29149882.000000
[2026-02-13 14:10:32,531][ogn_registration][INFO] - Looking for Python nodes to deregister in isaacsim.ros2.bridge-4.12.4
[2026-02-13 14:10:32,531][ogn_registration][INFO] - Deregistering Python node types in isaacsim.ros2.bridge
[2026-02-13 14:10:32,532][ogn_registration][INFO] -     --> node type OgnROS2CameraHelperDatabase
[2026-02-13 14:10:32,532][ogn_registration][INFO] -     --> node type OgnROS2CameraInfoHelperDatabase
[2026-02-13 14:10:32,532][ogn_registration][INFO] -     --> node type OgnROS2RtxLidarHelperDatabase
[2026-02-13 14:10:32,532][ogn_registration][INFO] -     --> node type OgnROS2QoSProfileDatabase
[2026-02-13 14:10:32,532][ogn_registration][INFO] - Deregistered Python nodes in isaacsim.ros2.bridge-4.12.4
[2026-02-13 14:10:32,532][ogn_registration][INFO] - OGN deregister isaacsim.ros2.bridge-4.12.4 took 228.41us
[2026-02-13 14:10:32,532][ogn_registration][INFO] - Destroying registration record for isaacsim.ros2.bridge
[2026-02-13 14:10:32,936][ogn_registration][INFO] - Destroying registration record for isaacsim.ros2.bridge
