-- The C compiler identification is GNU 14.3.0
-- The CXX compiler identification is GNU 14.3.0
-- Detecting C compiler ABI info
-- Detecting C compiler ABI info - done
-- Check for working C compiler: /home/jnu/anaconda3/envs/isaaclab/bin/x86_64-conda-linux-gnu-cc - skipped
-- Detecting C compile features
-- Detecting C compile features - done
-- Detecting CXX compiler ABI info
-- Detecting CXX compiler ABI info - done
-- Check for working CXX compiler: /home/jnu/anaconda3/envs/isaaclab/bin/x86_64-conda-linux-gnu-c++ - skipped
-- Detecting CXX compile features
-- Detecting CXX compile features - done
-- Found ament_cmake: 1.3.12 (/home/jnu/anaconda3/envs/isaaclab/share/ament_cmake/cmake)
-- Found Python3: /home/jnu/anaconda3/envs/isaaclab/bin/python3 (found version "3.11.14") found components: Interpreter
-- Found geometry_msgs: 4.9.0 (/home/jnu/anaconda3/envs/isaaclab/share/geometry_msgs/cmake)
-- Found rosidl_generator_c: 3.1.6 (/home/jnu/anaconda3/envs/isaaclab/share/rosidl_generator_c/cmake)
-- Found rosidl_adapter: 3.1.6 (/home/jnu/anaconda3/envs/isaaclab/share/rosidl_adapter/cmake)
-- Found rosidl_generator_cpp: 3.1.6 (/home/jnu/anaconda3/envs/isaaclab/share/rosidl_generator_cpp/cmake)
-- Using all available rosidl_typesupport_c: rosidl_typesupport_fastrtps_c;rosidl_typesupport_introspection_c
-- Using all available rosidl_typesupport_cpp: rosidl_typesupport_fastrtps_cpp;rosidl_typesupport_introspection_cpp
-- Configuring incomplete, errors occurred!
