[0mCMake Deprecation Warning at CMakeLists.txt:1 (cmake_minimum_required):
  Compatibility with CMake < 3.10 will be removed from a future version of
  CMake.

  Update the VERSION argument <min> value.  Or, use the <min>...<max> syntax
  to tell CMake that the project requires at least <min> but has been updated
  to work with policies introduced by <max> or earlier.

[0m
-- The C compiler identification is GNU 14.3.0
-- The CXX compiler identification is GNU 14.3.0
-- Detecting C compiler ABI info
-- Detecting C compiler ABI info - done
-- Check for working C compiler: /home/jnu/anaconda3/envs/isaaclab/bin/x86_64-conda-linux-gnu-cc - skipped
-- Detecting C compile features
-- Detecting C compile features - done
-- Detecting CXX compiler ABI info
-- Detecting CXX compiler ABI info - done
-- Check for working CXX compiler: /home/jnu/anaconda3/envs/isaaclab/bin/x86_64-conda-linux-gnu-c++ - skipped
-- Detecting CXX compile features
-- Detecting CXX compile features - done
-- Found ament_cmake: 1.3.12 (/home/jnu/anaconda3/envs/isaaclab/share/ament_cmake/cmake)
-- Found Python3: /home/jnu/anaconda3/envs/isaaclab/bin/python3 (found version "3.11.14") found components: Interpreter
-- Found geometry_msgs: 4.9.0 (/home/jnu/anaconda3/envs/isaaclab/share/geometry_msgs/cmake)
-- Found rosidl_generator_c: 3.1.6 (/home/jnu/anaconda3/envs/isaaclab/share/rosidl_generator_c/cmake)
-- Found rosidl_adapter: 3.1.6 (/home/jnu/anaconda3/envs/isaaclab/share/rosidl_adapter/cmake)
-- Found rosidl_generator_cpp: 3.1.6 (/home/jnu/anaconda3/envs/isaaclab/share/rosidl_generator_cpp/cmake)
-- Using all available rosidl_typesupport_c: rosidl_typesupport_fastrtps_c;rosidl_typesupport_introspection_c
-- Using all available rosidl_typesupport_cpp: rosidl_typesupport_fastrtps_cpp;rosidl_typesupport_introspection_cpp
[31mCMake Error at CMakeLists.txt:25 (find_package):
  By not providing "Findrosidl_default_generators.cmake" in CMAKE_MODULE_PATH
  this project has asked CMake to find a package configuration file provided
  by "rosidl_default_generators", but CMake did not find one.

  Could not find a package configuration file provided by
  "rosidl_default_generators" with any of the following names:

    rosidl_default_generatorsConfig.cmake
    rosidl_default_generators-config.cmake

  Add the installation prefix of "rosidl_default_generators" to
  CMAKE_PREFIX_PATH or set "rosidl_default_generators_DIR" to a directory
  containing one of the above files.  If "rosidl_default_generators" provides
  a separate development package or SDK, be sure it has been installed.

[0m
-- Configuring incomplete, errors occurred!
